<?xml version="1.0" encoding="UTF-8"?>
<robot generator="Robot 3.2.1 (Python 3.8.3 on win32)" generated="20201008 19:54:09.836" rpa="false">
<suite id="s1" name="Customer Address Table" source="C:\Users\Rupali.bhore\PycharmProjects\POM\src\MasteryPreview\Test_cases\Customer\Customer_Address_Table.robot">
<test id="s1-t1" name="Add Edit and Delete Addresses from Address Table for Customer">
<kw name="Login_Test" library="Login_Keywords">
<kw name="Launch Application" library="Login_Keywords">
<kw name="Open Browser" library="SeleniumLibrary">
<doc>Opens a new browser instance to the optional ``url``.</doc>
<arguments>
<arg>${URL}</arg>
<arg>${BROWSER}</arg>
</arguments>
<msg timestamp="20201008 19:54:10.524" level="INFO">Opening browser 'chrome' to base url 'https://molo.preview.masterytms.com/'.</msg>
<status status="PASS" starttime="20201008 19:54:10.524" endtime="20201008 19:54:21.180"></status>
</kw>
<kw name="Maximize Browser Window" library="SeleniumLibrary">
<doc>Maximizes current browser window.</doc>
<status status="PASS" starttime="20201008 19:54:21.181" endtime="20201008 19:54:23.728"></status>
</kw>
<kw name="Set Selenium Implicit Wait" library="SeleniumLibrary">
<doc>Sets the implicit wait value used by Selenium.</doc>
<arguments>
<arg>${waitTime}</arg>
</arguments>
<status status="PASS" starttime="20201008 19:54:23.728" endtime="20201008 19:54:23.731"></status>
</kw>
<kw name="Set Selenium Timeout" library="SeleniumLibrary">
<doc>Sets the timeout that is used by various keywords.</doc>
<arguments>
<arg>${waittime}</arg>
</arguments>
<status status="PASS" starttime="20201008 19:54:23.731" endtime="20201008 19:54:23.734"></status>
</kw>
<status status="PASS" starttime="20201008 19:54:10.523" endtime="20201008 19:54:23.735"></status>
</kw>
<kw name="Verify Landing Page Content" library="Login_Keywords">
<kw name="Wait Until Page Contains" library="SeleniumLibrary">
<doc>Waits until ``text`` appears on the current page.</doc>
<arguments>
<arg>${LandingPage}</arg>
</arguments>
<status status="PASS" starttime="20201008 19:54:23.736" endtime="20201008 19:54:23.772"></status>
</kw>
<status status="PASS" starttime="20201008 19:54:23.735" endtime="20201008 19:54:23.772"></status>
</kw>
<kw name="Click on Login Button" library="Login_Keywords">
<kw name="Click Button" library="SeleniumLibrary">
<doc>Clicks the button identified by ``locator``.</doc>
<arguments>
<arg>${PleaseLogin_Button}</arg>
</arguments>
<msg timestamp="20201008 19:54:23.774" level="INFO">Clicking button 'xpath=//button[text()='Login']'.</msg>
<status status="PASS" starttime="20201008 19:54:23.773" endtime="20201008 19:54:27.062"></status>
</kw>
<kw name="Wait Until Page Contains" library="SeleniumLibrary">
<doc>Waits until ``text`` appears on the current page.</doc>
<arguments>
<arg>${MasteryWebTMS_Text}</arg>
</arguments>
<status status="PASS" starttime="20201008 19:54:27.062" endtime="20201008 19:54:27.111"></status>
</kw>
<status status="PASS" starttime="20201008 19:54:23.773" endtime="20201008 19:54:27.111"></status>
</kw>
<kw name="Enter Username Password and click on Continue" library="Login_Keywords">
<kw name="Input Text" library="SeleniumLibrary">
<doc>Types the given ``text`` into the text field identified by ``locator``.</doc>
<arguments>
<arg>${UserName_TextBox}</arg>
<arg>${userName}</arg>
</arguments>
<msg timestamp="20201008 19:54:27.113" level="INFO">Typing text 'testautomation4@test.test' into text field 'name=email'.</msg>
<status status="PASS" starttime="20201008 19:54:27.112" endtime="20201008 19:54:29.385"></status>
</kw>
<kw name="Input Text" library="SeleniumLibrary">
<doc>Types the given ``text`` into the text field identified by ``locator``.</doc>
<arguments>
<arg>${Password_TextBox}</arg>
<arg>${Password}</arg>
</arguments>
<msg timestamp="20201008 19:54:29.386" level="INFO">Typing text '4pBExkEPJXsNW567nuK5XeRF' into text field 'name=password'.</msg>
<status status="PASS" starttime="20201008 19:54:29.385" endtime="20201008 19:54:30.074"></status>
</kw>
<kw name="Click Element" library="SeleniumLibrary">
<doc>Click the element identified by ``locator``.</doc>
<arguments>
<arg>${login_Button}</arg>
</arguments>
<msg timestamp="20201008 19:54:30.075" level="INFO">Clicking element 'xpath=//span[text()='Log In']'.</msg>
<status status="PASS" starttime="20201008 19:54:30.075" endtime="20201008 19:54:30.205"></status>
</kw>
<status status="PASS" starttime="20201008 19:54:27.111" endtime="20201008 19:54:30.205"></status>
</kw>
<status status="PASS" starttime="20201008 19:54:10.522" endtime="20201008 19:54:30.205"></status>
</kw>
<kw name="Set Selenium Speed" library="SeleniumLibrary">
<doc>Sets the delay that is waited after each Selenium command.</doc>
<arguments>
<arg>0.1 seconds</arg>
</arguments>
<status status="PASS" starttime="20201008 19:54:30.208" endtime="20201008 19:54:30.208"></status>
</kw>
<kw name="Wait Until Element Is Visible" library="SeleniumLibrary">
<doc>Waits until the element ``locator`` is visible.</doc>
<arguments>
<arg>${select_cust}</arg>
</arguments>
<status status="PASS" starttime="20201008 19:54:30.259" endtime="20201008 19:54:44.261"></status>
</kw>
<kw name="Click Element" library="SeleniumLibrary">
<doc>Click the element identified by ``locator``.</doc>
<arguments>
<arg>${select_cust}</arg>
</arguments>
<msg timestamp="20201008 19:54:44.271" level="INFO">Clicking element 'xpath=//button[.='Customer']'.</msg>
<status status="PASS" starttime="20201008 19:54:44.270" endtime="20201008 19:54:45.559"></status>
</kw>
<kw name="Click Element" library="SeleniumLibrary">
<doc>Click the element identified by ``locator``.</doc>
<arguments>
<arg>${Select_Tab_FromCust}</arg>
</arguments>
<msg timestamp="20201008 19:54:45.734" level="INFO">Clicking element 'xpath=//a[.='Search']'.</msg>
<status status="PASS" starttime="20201008 19:54:45.733" endtime="20201008 19:54:46.276"></status>
</kw>
<kw name="Input Text" library="SeleniumLibrary">
<doc>Types the given ``text`` into the text field identified by ``locator``.</doc>
<arguments>
<arg>${customer_name_element}</arg>
<arg>${customer_name}</arg>
</arguments>
<msg timestamp="20201008 19:54:46.305" level="INFO">Typing text 'Test Customer 260820401' into text field 'name=name'.</msg>
<status status="PASS" starttime="20201008 19:54:46.305" endtime="20201008 19:54:48.043"></status>
</kw>
<kw name="Click Element" library="SeleniumLibrary">
<doc>Click the element identified by ``locator``.</doc>
<arguments>
<arg>${search_button}</arg>
</arguments>
<msg timestamp="20201008 19:54:48.045" level="INFO">Clicking element 'xpath=//button[@class='css-10rxk89' and @type='submit']'.</msg>
<status status="PASS" starttime="20201008 19:54:48.044" endtime="20201008 19:54:48.587"></status>
</kw>
<kw name="Wait Until Element Is Visible" library="SeleniumLibrary">
<doc>Waits until the element ``locator`` is visible.</doc>
<arguments>
<arg>${list_of_customers}</arg>
</arguments>
<status status="PASS" starttime="20201008 19:54:48.589" endtime="20201008 19:54:51.508"></status>
</kw>
<kw name="Click Element" library="SeleniumLibrary">
<doc>Click the element identified by ``locator``.</doc>
<arguments>
<arg>${search_results_links}</arg>
</arguments>
<msg timestamp="20201008 19:54:51.510" level="INFO">Clicking element 'xpath=//div[@class='css-1wmyism']/div/a'.</msg>
<status status="PASS" starttime="20201008 19:54:51.510" endtime="20201008 19:54:51.914"></status>
</kw>
<kw name="Wait Until Element Is Visible" library="SeleniumLibrary">
<doc>Waits until the element ``locator`` is visible.</doc>
<arguments>
<arg>${customer_searched_by_name}</arg>
</arguments>
<kw name="Capture Page Screenshot" library="SeleniumLibrary">
<doc>Takes a screenshot of the current page and embeds it into a log file.</doc>
<msg timestamp="20201008 19:55:12.753" level="INFO" html="yes">&lt;/td&gt;&lt;/tr&gt;&lt;tr&gt;&lt;td colspan="3"&gt;&lt;a href="selenium-screenshot-2.png"&gt;&lt;img src="selenium-screenshot-2.png" width="800px"&gt;&lt;/a&gt;</msg>
<status status="PASS" starttime="20201008 19:55:12.297" endtime="20201008 19:55:12.753"></status>
</kw>
<msg timestamp="20201008 19:55:12.789" level="FAIL">Element 'xpath=//h1[.='${Customer_Name}']' not visible after 20 seconds.</msg>
<status status="FAIL" starttime="20201008 19:54:51.968" endtime="20201008 19:55:12.789"></status>
</kw>
<doc>As a user I can update address for customers</doc>
<tags>
<tag>Regression Test Suite</tag>
</tags>
<status status="FAIL" starttime="20201008 19:54:10.520" endtime="20201008 19:55:12.790" critical="yes">Element 'xpath=//h1[.='${Customer_Name}']' not visible after 20 seconds.</status>
</test>
<status status="FAIL" starttime="20201008 19:54:09.842" endtime="20201008 19:55:12.794"></status>
</suite>
<statistics>
<total>
<stat pass="0" fail="1">Critical Tests</stat>
<stat pass="0" fail="1">All Tests</stat>
</total>
<tag>
<stat pass="0" fail="1">Regression Test Suite</stat>
</tag>
<suite>
<stat pass="0" fail="1" id="s1" name="Customer Address Table">Customer Address Table</stat>
</suite>
</statistics>
<errors>
</errors>
</robot>
