<?xml version="1.0" encoding="UTF-8"?>
<robot generator="Robot 3.2.1 (Python 3.8.3 on win32)" generated="20201015 12:56:15.673" rpa="false">
<suite id="s1" name="Customer RateQuote" source="C:\Users\Rupali.bhore\PycharmProjects\POM\src\MasteryPreview\Test_Cases\Customer\Customer_RateQuote.robot">
<test id="s1-t1" name="Customer Rate Quote">
<kw name="Login_Test" library="Login_Keywords">
<kw name="Launch Application" library="Login_Keywords">
<kw name="Open Browser" library="SeleniumLibrary">
<doc>Opens a new browser instance to the optional ``url``.</doc>
<arguments>
<arg>${URL}</arg>
<arg>${BROWSER}</arg>
</arguments>
<msg timestamp="20201015 12:56:17.021" level="INFO">Opening browser 'chrome' to base url 'https://molo.preview.masterytms.com/'.</msg>
<status status="PASS" starttime="20201015 12:56:17.020" endtime="20201015 12:56:49.660"></status>
</kw>
<kw name="Maximize Browser Window" library="SeleniumLibrary">
<doc>Maximizes current browser window.</doc>
<status status="PASS" starttime="20201015 12:56:49.660" endtime="20201015 12:57:06.414"></status>
</kw>
<kw name="Set Selenium Implicit Wait" library="SeleniumLibrary">
<doc>Sets the implicit wait value used by Selenium.</doc>
<arguments>
<arg>${waitTime}</arg>
</arguments>
<status status="PASS" starttime="20201015 12:57:06.415" endtime="20201015 12:57:06.419"></status>
</kw>
<kw name="Set Selenium Timeout" library="SeleniumLibrary">
<doc>Sets the timeout that is used by various keywords.</doc>
<arguments>
<arg>${waittime}</arg>
</arguments>
<status status="PASS" starttime="20201015 12:57:06.419" endtime="20201015 12:57:06.468"></status>
</kw>
<status status="PASS" starttime="20201015 12:56:17.019" endtime="20201015 12:57:06.468"></status>
</kw>
<kw name="Verify Landing Page Content" library="Login_Keywords">
<kw name="Wait Until Page Contains" library="SeleniumLibrary">
<doc>Waits until ``text`` appears on the current page.</doc>
<arguments>
<arg>${LandingPage}</arg>
</arguments>
<status status="PASS" starttime="20201015 12:57:06.469" endtime="20201015 12:57:07.030"></status>
</kw>
<status status="PASS" starttime="20201015 12:57:06.469" endtime="20201015 12:57:07.030"></status>
</kw>
<kw name="Click on Login Button" library="Login_Keywords">
<kw name="Click Button" library="SeleniumLibrary">
<doc>Clicks the button identified by ``locator``.</doc>
<arguments>
<arg>${PleaseLogin_Button}</arg>
</arguments>
<msg timestamp="20201015 12:57:07.032" level="INFO">Clicking button 'xpath=//button[text()='Login']'.</msg>
<status status="PASS" starttime="20201015 12:57:07.031" endtime="20201015 12:57:20.877"></status>
</kw>
<kw name="Wait Until Page Contains" library="SeleniumLibrary">
<doc>Waits until ``text`` appears on the current page.</doc>
<arguments>
<arg>${MasteryWebTMS_Text}</arg>
</arguments>
<status status="PASS" starttime="20201015 12:57:20.877" endtime="20201015 12:57:21.658"></status>
</kw>
<status status="PASS" starttime="20201015 12:57:07.030" endtime="20201015 12:57:21.659"></status>
</kw>
<kw name="Enter Username Password and click on Continue" library="Login_Keywords">
<kw name="Input Text" library="SeleniumLibrary">
<doc>Types the given ``text`` into the text field identified by ``locator``.</doc>
<arguments>
<arg>${UserName_TextBox}</arg>
<arg>${userName}</arg>
</arguments>
<msg timestamp="20201015 12:57:21.661" level="INFO">Typing text 'ext.Harshal.pawar@mastery.net' into text field 'name=email'.</msg>
<status status="PASS" starttime="20201015 12:57:21.660" endtime="20201015 12:57:28.218"></status>
</kw>
<kw name="Input Text" library="SeleniumLibrary">
<doc>Types the given ``text`` into the text field identified by ``locator``.</doc>
<arguments>
<arg>${Password_TextBox}</arg>
<arg>${Password}</arg>
</arguments>
<msg timestamp="20201015 12:57:28.219" level="INFO">Typing text 'qkcdVdhsNQdAj3Vj' into text field 'name=password'.</msg>
<status status="PASS" starttime="20201015 12:57:28.218" endtime="20201015 12:57:33.664"></status>
</kw>
<kw name="Click Element" library="SeleniumLibrary">
<doc>Click the element identified by ``locator``.</doc>
<arguments>
<arg>${login_Button}</arg>
</arguments>
<msg timestamp="20201015 12:57:33.665" level="INFO">Clicking element 'xpath=//span[text()='Log In']'.</msg>
<status status="PASS" starttime="20201015 12:57:33.664" endtime="20201015 12:57:36.952"></status>
</kw>
<status status="PASS" starttime="20201015 12:57:21.659" endtime="20201015 12:57:36.952"></status>
</kw>
<status status="PASS" starttime="20201015 12:56:17.018" endtime="20201015 12:57:36.953"></status>
</kw>
<kw name="Wait Until Element Is Visible" library="SeleniumLibrary">
<doc>Waits until the element ``locator`` is visible.</doc>
<arguments>
<arg>${select_cust}</arg>
</arguments>
<status status="PASS" starttime="20201015 12:57:37.158" endtime="20201015 12:58:22.430"></status>
</kw>
<kw name="Click Element" library="SeleniumLibrary">
<doc>Click the element identified by ``locator``.</doc>
<arguments>
<arg>${select_cust}</arg>
</arguments>
<msg timestamp="20201015 12:58:22.461" level="INFO">Clicking element 'xpath=//button[.='Customer']'.</msg>
<status status="PASS" starttime="20201015 12:58:22.461" endtime="20201015 12:58:24.698"></status>
</kw>
<kw name="Click Element" library="SeleniumLibrary">
<doc>Click the element identified by ``locator``.</doc>
<arguments>
<arg>${Select_Tab_FromCust}</arg>
</arguments>
<msg timestamp="20201015 12:58:24.873" level="INFO">Clicking element 'xpath=//a[.='Search']'.</msg>
<status status="PASS" starttime="20201015 12:58:24.814" endtime="20201015 12:58:27.322"></status>
</kw>
<kw name="Input Text" library="SeleniumLibrary">
<doc>Types the given ``text`` into the text field identified by ``locator``.</doc>
<arguments>
<arg>${Customer_name_element}</arg>
<arg>${Customer_Name}</arg>
</arguments>
<msg timestamp="20201015 12:58:27.396" level="INFO">Typing text 'Coca Cola Bottling of Northern New England' into text field 'name=name'.</msg>
<status status="PASS" starttime="20201015 12:58:27.395" endtime="20201015 12:58:38.619"></status>
</kw>
<kw name="Wait Until Element Is Enabled" library="SeleniumLibrary">
<doc>Waits until the element ``locator`` is enabled.</doc>
<arguments>
<arg>${submit_button}</arg>
</arguments>
<status status="PASS" starttime="20201015 12:58:38.625" endtime="20201015 12:58:40.262"></status>
</kw>
<kw name="Click Element" library="SeleniumLibrary">
<doc>Click the element identified by ``locator``.</doc>
<arguments>
<arg>${Submit_Button}</arg>
</arguments>
<msg timestamp="20201015 12:58:40.275" level="INFO">Clicking element 'xpath=//button[@class='css-10rxk89' and @type='submit']'.</msg>
<status status="PASS" starttime="20201015 12:58:40.274" endtime="20201015 12:58:42.939"></status>
</kw>
<kw name="Wait Until Element Is Visible" library="SeleniumLibrary">
<doc>Waits until the element ``locator`` is visible.</doc>
<arguments>
<arg>${list_of_Customer}</arg>
</arguments>
<status status="PASS" starttime="20201015 12:58:42.982" endtime="20201015 12:58:44.350"></status>
</kw>
<kw name="Click Element" library="SeleniumLibrary">
<doc>Click the element identified by ``locator``.</doc>
<arguments>
<arg>${search_results_link}</arg>
</arguments>
<msg timestamp="20201015 12:58:44.412" level="INFO">Clicking element 'xpath=//div[@class='css-1wtbph2']//a'.</msg>
<status status="PASS" starttime="20201015 12:58:44.412" endtime="20201015 12:58:46.341"></status>
</kw>
<kw name="Wait Until Element Is Visible" library="SeleniumLibrary">
<doc>Waits until the element ``locator`` is visible.</doc>
<arguments>
<arg>${rate_quote_tab}</arg>
</arguments>
<status status="PASS" starttime="20201015 12:58:46.717" endtime="20201015 12:58:51.859"></status>
</kw>
<kw name="Click Element" library="SeleniumLibrary">
<doc>Click the element identified by ``locator``.</doc>
<arguments>
<arg>${rate_quote_tab}</arg>
</arguments>
<msg timestamp="20201015 12:58:51.936" level="INFO">Clicking element 'xpath=//a[.='Rate Quote']'.</msg>
<status status="PASS" starttime="20201015 12:58:51.936" endtime="20201015 12:58:54.620"></status>
</kw>
<kw name="Input Text" library="SeleniumLibrary">
<doc>Types the given ``text`` into the text field identified by ``locator``.</doc>
<arguments>
<arg>${origin_element}</arg>
<arg>${origin_value_chicago}</arg>
</arguments>
<msg timestamp="20201015 12:58:54.792" level="INFO">Typing text 'Chicago, IL' into text field 'xpath=//div[@id='origin-text']//input'.</msg>
<status status="PASS" starttime="20201015 12:58:54.792" endtime="20201015 12:59:04.299"></status>
</kw>
<kw name="Wait Until Element Is Visible" library="SeleniumLibrary">
<doc>Waits until the element ``locator`` is visible.</doc>
<arguments>
<arg>${origin_value_chicago_tbs}</arg>
</arguments>
<status status="PASS" starttime="20201015 12:59:04.306" endtime="20201015 12:59:05.864"></status>
</kw>
<kw name="Click Element" library="SeleniumLibrary">
<doc>Click the element identified by ``locator``.</doc>
<arguments>
<arg>${origin_value_chicago_tbs}</arg>
</arguments>
<msg timestamp="20201015 12:59:05.865" level="INFO">Clicking element 'xpath=//li[.='Chicago, IL']'.</msg>
<status status="PASS" starttime="20201015 12:59:05.865" endtime="20201015 12:59:06.420"></status>
</kw>
<kw name="Input Text" library="SeleniumLibrary">
<doc>Types the given ``text`` into the text field identified by ``locator``.</doc>
<arguments>
<arg>${destination_element}</arg>
<arg>${destination_value_dallas}</arg>
</arguments>
<msg timestamp="20201015 12:59:06.421" level="INFO">Typing text 'Dallas, TX' into text field 'xpath=//div[@id='destination-text']//input'.</msg>
<status status="PASS" starttime="20201015 12:59:06.420" endtime="20201015 12:59:07.079"></status>
</kw>
<kw name="Wait Until Element Is Visible" library="SeleniumLibrary">
<doc>Waits until the element ``locator`` is visible.</doc>
<arguments>
<arg>${destination_value_dallas_tbs}</arg>
</arguments>
<status status="PASS" starttime="20201015 12:59:07.080" endtime="20201015 12:59:08.177"></status>
</kw>
<kw name="Click Element" library="SeleniumLibrary">
<doc>Click the element identified by ``locator``.</doc>
<arguments>
<arg>${destination_value_dallas_tbs}</arg>
</arguments>
<msg timestamp="20201015 12:59:08.178" level="INFO">Clicking element 'xpath=//li[.='Dallas, TX']'.</msg>
<status status="PASS" starttime="20201015 12:59:08.178" endtime="20201015 12:59:08.588"></status>
</kw>
<kw name="Page Should Contain Element" library="SeleniumLibrary">
<doc>Verifies that element ``locator`` is found on the current page.</doc>
<arguments>
<arg>${rate_line_table}</arg>
</arguments>
<msg timestamp="20201015 12:59:08.612" level="INFO">Current page contains element 'xpath=//div[@data-testid='customer-rate-quote-line-items-list']'.</msg>
<status status="PASS" starttime="20201015 12:59:08.589" endtime="20201015 12:59:08.613"></status>
</kw>
<kw name="Click Element" library="SeleniumLibrary">
<doc>Click the element identified by ``locator``.</doc>
<arguments>
<arg>${add_rate_line_button}</arg>
</arguments>
<msg timestamp="20201015 12:59:08.614" level="INFO">Clicking element 'xpath=//div[@data-testid='customer-rate-quote-line-items-list']//button[@data-testid='table-add-new']'.</msg>
<status status="PASS" starttime="20201015 12:59:08.614" endtime="20201015 12:59:09.024"></status>
</kw>
<kw name="Page Should Contain Element" library="SeleniumLibrary">
<doc>Verifies that element ``locator`` is found on the current page.</doc>
<arguments>
<arg>${add_rate_line_item_popup}</arg>
</arguments>
<msg timestamp="20201015 12:59:09.292" level="INFO">Current page contains element 'xpath=//div[@role='dialog']'.</msg>
<status status="PASS" starttime="20201015 12:59:09.025" endtime="20201015 12:59:09.293"></status>
</kw>
<kw name="Click Element" library="SeleniumLibrary">
<doc>Click the element identified by ``locator``.</doc>
<arguments>
<arg>${rate_line_type_element}</arg>
</arguments>
<msg timestamp="20201015 12:59:09.295" level="INFO">Clicking element 'xpath=//div[@role='dialog']//div[@name='chargeTypeId']//button'.</msg>
<status status="PASS" starttime="20201015 12:59:09.294" endtime="20201015 12:59:09.504"></status>
</kw>
<kw name="Wait Until Element Is Visible" library="SeleniumLibrary">
<doc>Waits until the element ``locator`` is visible.</doc>
<arguments>
<arg>${select_rate_line_type_fuel_surcharge}</arg>
</arguments>
<status status="PASS" starttime="20201015 12:59:09.505" endtime="20201015 12:59:09.549"></status>
</kw>
<kw name="Click Element" library="SeleniumLibrary">
<doc>Click the element identified by ``locator``.</doc>
<arguments>
<arg>${select_rate_line_type_fuel_surcharge}</arg>
</arguments>
<msg timestamp="20201015 12:59:09.551" level="INFO">Clicking element 'xpath=//li[.='Fuel Surcharge']'.</msg>
<status status="PASS" starttime="20201015 12:59:09.550" endtime="20201015 12:59:09.667"></status>
</kw>
<kw name="Input Text" library="SeleniumLibrary">
<doc>Types the given ``text`` into the text field identified by ``locator``.</doc>
<arguments>
<arg>${rate_per_unit_element}</arg>
<arg>${rate_per_unit_value1}</arg>
</arguments>
<msg timestamp="20201015 12:59:09.668" level="INFO">Typing text '0.26' into text field 'xpath=//input[@id='rate-field']'.</msg>
<status status="PASS" starttime="20201015 12:59:09.668" endtime="20201015 12:59:09.991"></status>
</kw>
<kw name="Input Text" library="SeleniumLibrary">
<doc>Types the given ``text`` into the text field identified by ``locator``.</doc>
<arguments>
<arg>${units_element}</arg>
<arg>${units_value1}</arg>
</arguments>
<msg timestamp="20201015 12:59:09.994" level="INFO">Typing text '5' into text field 'xpath=//input[@id='units-field']'.</msg>
<status status="PASS" starttime="20201015 12:59:09.992" endtime="20201015 12:59:10.263"></status>
</kw>
<kw name="Wait Until Element Is Enabled" library="SeleniumLibrary">
<doc>Waits until the element ``locator`` is enabled.</doc>
<arguments>
<arg>${add_rate_line_item_button}</arg>
</arguments>
<status status="PASS" starttime="20201015 12:59:10.264" endtime="20201015 12:59:10.304"></status>
</kw>
<kw name="Click Element" library="SeleniumLibrary">
<doc>Click the element identified by ``locator``.</doc>
<arguments>
<arg>${add_rate_line_item_button}</arg>
</arguments>
<msg timestamp="20201015 12:59:10.305" level="INFO">Clicking element 'xpath=//button[.='Add Rate Line Item']'.</msg>
<status status="PASS" starttime="20201015 12:59:10.305" endtime="20201015 12:59:10.861"></status>
</kw>
<kw name="Page Should Contain Element" library="SeleniumLibrary">
<doc>Verifies that element ``locator`` is found on the current page.</doc>
<arguments>
<arg>${Rate_Line_Fuel_Surcharge}</arg>
</arguments>
<msg timestamp="20201015 12:59:10.906" level="INFO">Current page contains element 'xpath=//div[@data-testid='customer-rate-quote-line-items-list']//div[@data-cellheader='Rate Type' and contains(text(),'Fuel Surcharge')]'.</msg>
<status status="PASS" starttime="20201015 12:59:10.863" endtime="20201015 12:59:10.907"></status>
</kw>
<kw name="Verify Total Rate Of Rate Line Items" library="Edit_Customer_Keywords">
<kw name="Set Variable" library="BuiltIn">
<doc>Returns the given values which can then be assigned to a variables.</doc>
<arguments>
<arg>0</arg>
</arguments>
<assign>
<var>${sumOfTotalRate}</var>
</assign>
<msg timestamp="20201015 12:59:10.910" level="INFO">${sumOfTotalRate} = 0</msg>
<status status="PASS" starttime="20201015 12:59:10.910" endtime="20201015 12:59:10.910"></status>
</kw>
<kw name="Get Element Count" library="SeleniumLibrary">
<doc>Returns the number of elements matching ``locator``.</doc>
<arguments>
<arg>${total_rate_column}</arg>
</arguments>
<assign>
<var>${totalRate}</var>
</assign>
<msg timestamp="20201015 12:59:10.939" level="INFO">${totalRate} = 1</msg>
<status status="PASS" starttime="20201015 12:59:10.911" endtime="20201015 12:59:10.939"></status>
</kw>
<kw name="${i} IN RANGE [ 0 | ${totalRate} ]" type="for">
<msg timestamp="20201015 12:59:10.939" level="WARN">Error in file 'C:\Users\Rupali.bhore\PycharmProjects\POM\src\MasteryPreview\Keywords\Edit_Customer_Keywords.robot' in FOR loop starting on line 48: For loop header ': FOR' is deprecated. Use 'FOR' instead.</msg>
<msg timestamp="20201015 12:59:10.941" level="WARN">Error in file 'C:\Users\Rupali.bhore\PycharmProjects\POM\src\MasteryPreview\Keywords\Edit_Customer_Keywords.robot' in FOR loop starting on line 48: Marking for loop body with '\' is deprecated. Remove markers and use 'END' instead.</msg>
<kw name="${i} = 0" type="foritem">
<kw name="Get Text" library="SeleniumLibrary">
<doc>Returns the text value of the element identified by ``locator``.</doc>
<arguments>
<arg>//div[@data-testid='customer-rate-quote-line-items-list']//div[@class='css-11usei1'][${i+1}]//div[@data-cellheader='Total Rate']</arg>
</arguments>
<assign>
<var>${value}</var>
</assign>
<msg timestamp="20201015 12:59:10.999" level="INFO">${value} = $1.30</msg>
<status status="PASS" starttime="20201015 12:59:10.944" endtime="20201015 12:59:10.999"></status>
</kw>
<kw name="Get Substring" library="String">
<doc>Returns a substring from ``start`` index to ``end`` index.</doc>
<arguments>
<arg>${value}</arg>
<arg>1</arg>
</arguments>
<assign>
<var>${rateValue}</var>
</assign>
<msg timestamp="20201015 12:59:11.000" level="INFO">${rateValue} = 1.30</msg>
<status status="PASS" starttime="20201015 12:59:10.999" endtime="20201015 12:59:11.000"></status>
</kw>
<kw name="Evaluate" library="BuiltIn">
<doc>Evaluates the given expression in Python and returns the result.</doc>
<arguments>
<arg>${sumOfTotalRate}+${rateValue}</arg>
</arguments>
<assign>
<var>${sumOfTotalRate}</var>
</assign>
<msg timestamp="20201015 12:59:11.001" level="INFO">${sumOfTotalRate} = 1.3</msg>
<status status="PASS" starttime="20201015 12:59:11.001" endtime="20201015 12:59:11.001"></status>
</kw>
<status status="PASS" starttime="20201015 12:59:10.944" endtime="20201015 12:59:11.002"></status>
</kw>
<status status="PASS" starttime="20201015 12:59:10.939" endtime="20201015 12:59:11.002"></status>
</kw>
<kw name="Get Text" library="SeleniumLibrary">
<doc>Returns the text value of the element identified by ``locator``.</doc>
<arguments>
<arg>${total_rate_value}</arg>
</arguments>
<assign>
<var>${totalRateValue}</var>
</assign>
<msg timestamp="20201015 12:59:11.049" level="INFO">${totalRateValue} = $1.30</msg>
<status status="PASS" starttime="20201015 12:59:11.002" endtime="20201015 12:59:11.049"></status>
</kw>
<kw name="Get Substring" library="String">
<doc>Returns a substring from ``start`` index to ``end`` index.</doc>
<arguments>
<arg>${totalRateValue}</arg>
<arg>1</arg>
</arguments>
<assign>
<var>${totalRateValueString}</var>
</assign>
<msg timestamp="20201015 12:59:11.050" level="INFO">${totalRateValueString} = 1.30</msg>
<status status="PASS" starttime="20201015 12:59:11.049" endtime="20201015 12:59:11.050"></status>
</kw>
<kw name="Convert To Number" library="BuiltIn">
<doc>Converts the given item to a floating point number.</doc>
<arguments>
<arg>${sumOfTotalRate}</arg>
<arg>2</arg>
</arguments>
<assign>
<var>${calculatedRateNumber}</var>
</assign>
<msg timestamp="20201015 12:59:11.051" level="INFO">${calculatedRateNumber} = 1.3</msg>
<status status="PASS" starttime="20201015 12:59:11.050" endtime="20201015 12:59:11.051"></status>
</kw>
<kw name="Convert To Number" library="BuiltIn">
<doc>Converts the given item to a floating point number.</doc>
<arguments>
<arg>${totalRateValueString}</arg>
<arg>2</arg>
</arguments>
<assign>
<var>${totalRateValueNumber}</var>
</assign>
<msg timestamp="20201015 12:59:11.053" level="INFO">${totalRateValueNumber} = 1.3</msg>
<status status="PASS" starttime="20201015 12:59:11.052" endtime="20201015 12:59:11.053"></status>
</kw>
<kw name="Should Be Equal" library="BuiltIn">
<doc>Fails if the given objects are unequal.</doc>
<arguments>
<arg>${calculatedRateNumber}</arg>
<arg>${totalRateValueNumber}</arg>
</arguments>
<status status="PASS" starttime="20201015 12:59:11.053" endtime="20201015 12:59:11.054"></status>
</kw>
<status status="PASS" starttime="20201015 12:59:10.907" endtime="20201015 12:59:11.054"></status>
</kw>
<kw name="Click Element" library="SeleniumLibrary">
<doc>Click the element identified by ``locator``.</doc>
<arguments>
<arg>${add_rate_line_button}</arg>
</arguments>
<msg timestamp="20201015 12:59:11.056" level="INFO">Clicking element 'xpath=//div[@data-testid='customer-rate-quote-line-items-list']//button[@data-testid='table-add-new']'.</msg>
<status status="PASS" starttime="20201015 12:59:11.055" endtime="20201015 12:59:11.307"></status>
</kw>
<kw name="Page Should Contain Element" library="SeleniumLibrary">
<doc>Verifies that element ``locator`` is found on the current page.</doc>
<arguments>
<arg>${add_rate_line_item_popup}</arg>
</arguments>
<msg timestamp="20201015 12:59:11.384" level="INFO">Current page contains element 'xpath=//div[@role='dialog']'.</msg>
<status status="PASS" starttime="20201015 12:59:11.309" endtime="20201015 12:59:11.384"></status>
</kw>
<kw name="Click Element" library="SeleniumLibrary">
<doc>Click the element identified by ``locator``.</doc>
<arguments>
<arg>${rate_line_type_element}</arg>
</arguments>
<msg timestamp="20201015 12:59:11.385" level="INFO">Clicking element 'xpath=//div[@role='dialog']//div[@name='chargeTypeId']//button'.</msg>
<status status="PASS" starttime="20201015 12:59:11.385" endtime="20201015 12:59:11.483"></status>
</kw>
<kw name="Wait Until Element Is Visible" library="SeleniumLibrary">
<doc>Waits until the element ``locator`` is visible.</doc>
<arguments>
<arg>${select_rate_line_type_special_charge}</arg>
</arguments>
<status status="PASS" starttime="20201015 12:59:11.484" endtime="20201015 12:59:11.577"></status>
</kw>
<kw name="Click Element" library="SeleniumLibrary">
<doc>Click the element identified by ``locator``.</doc>
<arguments>
<arg>${select_rate_line_type_special_charge}</arg>
</arguments>
<msg timestamp="20201015 12:59:11.578" level="INFO">Clicking element 'xpath=//li[.='Special Charge']'.</msg>
<status status="PASS" starttime="20201015 12:59:11.578" endtime="20201015 12:59:11.674"></status>
</kw>
<kw name="Input Text" library="SeleniumLibrary">
<doc>Types the given ``text`` into the text field identified by ``locator``.</doc>
<arguments>
<arg>${rate_per_unit_element}</arg>
<arg>${rate_per_unit_value2}</arg>
</arguments>
<msg timestamp="20201015 12:59:11.677" level="INFO">Typing text '75' into text field 'xpath=//input[@id='rate-field']'.</msg>
<status status="PASS" starttime="20201015 12:59:11.676" endtime="20201015 12:59:11.902"></status>
</kw>
<kw name="Input Text" library="SeleniumLibrary">
<doc>Types the given ``text`` into the text field identified by ``locator``.</doc>
<arguments>
<arg>${units_element}</arg>
<arg>${units_value2}</arg>
</arguments>
<msg timestamp="20201015 12:59:11.903" level="INFO">Typing text '5' into text field 'xpath=//input[@id='units-field']'.</msg>
<status status="PASS" starttime="20201015 12:59:11.903" endtime="20201015 12:59:12.113"></status>
</kw>
<kw name="Wait Until Element Is Enabled" library="SeleniumLibrary">
<doc>Waits until the element ``locator`` is enabled.</doc>
<arguments>
<arg>${add_rate_line_item_button}</arg>
</arguments>
<status status="PASS" starttime="20201015 12:59:12.114" endtime="20201015 12:59:12.151"></status>
</kw>
<kw name="Click Element" library="SeleniumLibrary">
<doc>Click the element identified by ``locator``.</doc>
<arguments>
<arg>${add_rate_line_item_button}</arg>
</arguments>
<msg timestamp="20201015 12:59:12.152" level="INFO">Clicking element 'xpath=//button[.='Add Rate Line Item']'.</msg>
<status status="PASS" starttime="20201015 12:59:12.152" endtime="20201015 12:59:12.615"></status>
</kw>
<kw name="Page Should Contain Element" library="SeleniumLibrary">
<doc>Verifies that element ``locator`` is found on the current page.</doc>
<arguments>
<arg>${Rate_Line_Special_Charge}</arg>
</arguments>
<msg timestamp="20201015 12:59:12.640" level="INFO">Current page contains element 'xpath=//div[@data-testid='customer-rate-quote-line-items-list']//div[@data-cellheader='Rate Type' and contains(text(),'Special Charge')]'.</msg>
<status status="PASS" starttime="20201015 12:59:12.616" endtime="20201015 12:59:12.640"></status>
</kw>
<kw name="Verify Total Rate Of Rate Line Items" library="Edit_Customer_Keywords">
<kw name="Set Variable" library="BuiltIn">
<doc>Returns the given values which can then be assigned to a variables.</doc>
<arguments>
<arg>0</arg>
</arguments>
<assign>
<var>${sumOfTotalRate}</var>
</assign>
<msg timestamp="20201015 12:59:12.644" level="INFO">${sumOfTotalRate} = 0</msg>
<status status="PASS" starttime="20201015 12:59:12.643" endtime="20201015 12:59:12.644"></status>
</kw>
<kw name="Get Element Count" library="SeleniumLibrary">
<doc>Returns the number of elements matching ``locator``.</doc>
<arguments>
<arg>${total_rate_column}</arg>
</arguments>
<assign>
<var>${totalRate}</var>
</assign>
<msg timestamp="20201015 12:59:12.658" level="INFO">${totalRate} = 2</msg>
<status status="PASS" starttime="20201015 12:59:12.644" endtime="20201015 12:59:12.658"></status>
</kw>
<kw name="${i} IN RANGE [ 0 | ${totalRate} ]" type="for">
<msg timestamp="20201015 12:59:12.658" level="WARN">Error in file 'C:\Users\Rupali.bhore\PycharmProjects\POM\src\MasteryPreview\Keywords\Edit_Customer_Keywords.robot' in FOR loop starting on line 48: For loop header ': FOR' is deprecated. Use 'FOR' instead.</msg>
<msg timestamp="20201015 12:59:12.659" level="WARN">Error in file 'C:\Users\Rupali.bhore\PycharmProjects\POM\src\MasteryPreview\Keywords\Edit_Customer_Keywords.robot' in FOR loop starting on line 48: Marking for loop body with '\' is deprecated. Remove markers and use 'END' instead.</msg>
<kw name="${i} = 0" type="foritem">
<kw name="Get Text" library="SeleniumLibrary">
<doc>Returns the text value of the element identified by ``locator``.</doc>
<arguments>
<arg>//div[@data-testid='customer-rate-quote-line-items-list']//div[@class='css-11usei1'][${i+1}]//div[@data-cellheader='Total Rate']</arg>
</arguments>
<assign>
<var>${value}</var>
</assign>
<msg timestamp="20201015 12:59:12.689" level="INFO">${value} = $1.30</msg>
<status status="PASS" starttime="20201015 12:59:12.661" endtime="20201015 12:59:12.690"></status>
</kw>
<kw name="Get Substring" library="String">
<doc>Returns a substring from ``start`` index to ``end`` index.</doc>
<arguments>
<arg>${value}</arg>
<arg>1</arg>
</arguments>
<assign>
<var>${rateValue}</var>
</assign>
<msg timestamp="20201015 12:59:12.691" level="INFO">${rateValue} = 1.30</msg>
<status status="PASS" starttime="20201015 12:59:12.690" endtime="20201015 12:59:12.691"></status>
</kw>
<kw name="Evaluate" library="BuiltIn">
<doc>Evaluates the given expression in Python and returns the result.</doc>
<arguments>
<arg>${sumOfTotalRate}+${rateValue}</arg>
</arguments>
<assign>
<var>${sumOfTotalRate}</var>
</assign>
<msg timestamp="20201015 12:59:12.693" level="INFO">${sumOfTotalRate} = 1.3</msg>
<status status="PASS" starttime="20201015 12:59:12.692" endtime="20201015 12:59:12.693"></status>
</kw>
<status status="PASS" starttime="20201015 12:59:12.661" endtime="20201015 12:59:12.693"></status>
</kw>
<kw name="${i} = 1" type="foritem">
<kw name="Get Text" library="SeleniumLibrary">
<doc>Returns the text value of the element identified by ``locator``.</doc>
<arguments>
<arg>//div[@data-testid='customer-rate-quote-line-items-list']//div[@class='css-11usei1'][${i+1}]//div[@data-cellheader='Total Rate']</arg>
</arguments>
<assign>
<var>${value}</var>
</assign>
<msg timestamp="20201015 12:59:12.733" level="INFO">${value} = $375.00</msg>
<status status="PASS" starttime="20201015 12:59:12.693" endtime="20201015 12:59:12.733"></status>
</kw>
<kw name="Get Substring" library="String">
<doc>Returns a substring from ``start`` index to ``end`` index.</doc>
<arguments>
<arg>${value}</arg>
<arg>1</arg>
</arguments>
<assign>
<var>${rateValue}</var>
</assign>
<msg timestamp="20201015 12:59:12.734" level="INFO">${rateValue} = 375.00</msg>
<status status="PASS" starttime="20201015 12:59:12.733" endtime="20201015 12:59:12.734"></status>
</kw>
<kw name="Evaluate" library="BuiltIn">
<doc>Evaluates the given expression in Python and returns the result.</doc>
<arguments>
<arg>${sumOfTotalRate}+${rateValue}</arg>
</arguments>
<assign>
<var>${sumOfTotalRate}</var>
</assign>
<msg timestamp="20201015 12:59:12.735" level="INFO">${sumOfTotalRate} = 376.3</msg>
<status status="PASS" starttime="20201015 12:59:12.734" endtime="20201015 12:59:12.735"></status>
</kw>
<status status="PASS" starttime="20201015 12:59:12.693" endtime="20201015 12:59:12.735"></status>
</kw>
<status status="PASS" starttime="20201015 12:59:12.658" endtime="20201015 12:59:12.736"></status>
</kw>
<kw name="Get Text" library="SeleniumLibrary">
<doc>Returns the text value of the element identified by ``locator``.</doc>
<arguments>
<arg>${total_rate_value}</arg>
</arguments>
<assign>
<var>${totalRateValue}</var>
</assign>
<msg timestamp="20201015 12:59:12.758" level="INFO">${totalRateValue} = $376.30</msg>
<status status="PASS" starttime="20201015 12:59:12.736" endtime="20201015 12:59:12.758"></status>
</kw>
<kw name="Get Substring" library="String">
<doc>Returns a substring from ``start`` index to ``end`` index.</doc>
<arguments>
<arg>${totalRateValue}</arg>
<arg>1</arg>
</arguments>
<assign>
<var>${totalRateValueString}</var>
</assign>
<msg timestamp="20201015 12:59:12.760" level="INFO">${totalRateValueString} = 376.30</msg>
<status status="PASS" starttime="20201015 12:59:12.759" endtime="20201015 12:59:12.760"></status>
</kw>
<kw name="Convert To Number" library="BuiltIn">
<doc>Converts the given item to a floating point number.</doc>
<arguments>
<arg>${sumOfTotalRate}</arg>
<arg>2</arg>
</arguments>
<assign>
<var>${calculatedRateNumber}</var>
</assign>
<msg timestamp="20201015 12:59:12.761" level="INFO">${calculatedRateNumber} = 376.3</msg>
<status status="PASS" starttime="20201015 12:59:12.760" endtime="20201015 12:59:12.761"></status>
</kw>
<kw name="Convert To Number" library="BuiltIn">
<doc>Converts the given item to a floating point number.</doc>
<arguments>
<arg>${totalRateValueString}</arg>
<arg>2</arg>
</arguments>
<assign>
<var>${totalRateValueNumber}</var>
</assign>
<msg timestamp="20201015 12:59:12.762" level="INFO">${totalRateValueNumber} = 376.3</msg>
<status status="PASS" starttime="20201015 12:59:12.761" endtime="20201015 12:59:12.762"></status>
</kw>
<kw name="Should Be Equal" library="BuiltIn">
<doc>Fails if the given objects are unequal.</doc>
<arguments>
<arg>${calculatedRateNumber}</arg>
<arg>${totalRateValueNumber}</arg>
</arguments>
<status status="PASS" starttime="20201015 12:59:12.763" endtime="20201015 12:59:12.763"></status>
</kw>
<status status="PASS" starttime="20201015 12:59:12.642" endtime="20201015 12:59:12.764"></status>
</kw>
<kw name="Click Element" library="SeleniumLibrary">
<doc>Click the element identified by ``locator``.</doc>
<arguments>
<arg>${add_rate_line_button}</arg>
</arguments>
<msg timestamp="20201015 12:59:12.765" level="INFO">Clicking element 'xpath=//div[@data-testid='customer-rate-quote-line-items-list']//button[@data-testid='table-add-new']'.</msg>
<status status="PASS" starttime="20201015 12:59:12.764" endtime="20201015 12:59:12.946"></status>
</kw>
<kw name="Page Should Contain Element" library="SeleniumLibrary">
<doc>Verifies that element ``locator`` is found on the current page.</doc>
<arguments>
<arg>${add_rate_line_item_popup}</arg>
</arguments>
<msg timestamp="20201015 12:59:12.970" level="INFO">Current page contains element 'xpath=//div[@role='dialog']'.</msg>
<status status="PASS" starttime="20201015 12:59:12.947" endtime="20201015 12:59:12.970"></status>
</kw>
<kw name="Click Element" library="SeleniumLibrary">
<doc>Click the element identified by ``locator``.</doc>
<arguments>
<arg>${rate_line_type_element}</arg>
</arguments>
<msg timestamp="20201015 12:59:12.972" level="INFO">Clicking element 'xpath=//div[@role='dialog']//div[@name='chargeTypeId']//button'.</msg>
<status status="PASS" starttime="20201015 12:59:12.971" endtime="20201015 12:59:13.091"></status>
</kw>
<kw name="Wait Until Element Is Visible" library="SeleniumLibrary">
<doc>Waits until the element ``locator`` is visible.</doc>
<arguments>
<arg>${select_rate_line_type_high_cargo_value}</arg>
</arguments>
<status status="PASS" starttime="20201015 12:59:13.092" endtime="20201015 12:59:13.130"></status>
</kw>
<kw name="Click Element" library="SeleniumLibrary">
<doc>Click the element identified by ``locator``.</doc>
<arguments>
<arg>${select_rate_line_type_high_cargo_value}</arg>
</arguments>
<msg timestamp="20201015 12:59:13.132" level="INFO">Clicking element 'xpath=//li[.='High Cargo Value']'.</msg>
<status status="PASS" starttime="20201015 12:59:13.131" endtime="20201015 12:59:13.232"></status>
</kw>
<kw name="Input Text" library="SeleniumLibrary">
<doc>Types the given ``text`` into the text field identified by ``locator``.</doc>
<arguments>
<arg>${rate_per_unit_element}</arg>
<arg>${rate_per_unit_value3}</arg>
</arguments>
<msg timestamp="20201015 12:59:13.234" level="INFO">Typing text '250' into text field 'xpath=//input[@id='rate-field']'.</msg>
<status status="PASS" starttime="20201015 12:59:13.234" endtime="20201015 12:59:13.478"></status>
</kw>
<kw name="Input Text" library="SeleniumLibrary">
<doc>Types the given ``text`` into the text field identified by ``locator``.</doc>
<arguments>
<arg>${units_element}</arg>
<arg>${units_value3}</arg>
</arguments>
<msg timestamp="20201015 12:59:13.480" level="INFO">Typing text '2' into text field 'xpath=//input[@id='units-field']'.</msg>
<status status="PASS" starttime="20201015 12:59:13.479" endtime="20201015 12:59:13.712"></status>
</kw>
<kw name="Wait Until Element Is Enabled" library="SeleniumLibrary">
<doc>Waits until the element ``locator`` is enabled.</doc>
<arguments>
<arg>${add_rate_line_item_button}</arg>
</arguments>
<status status="PASS" starttime="20201015 12:59:13.713" endtime="20201015 12:59:13.749"></status>
</kw>
<kw name="Click Element" library="SeleniumLibrary">
<doc>Click the element identified by ``locator``.</doc>
<arguments>
<arg>${add_rate_line_item_button}</arg>
</arguments>
<msg timestamp="20201015 12:59:13.750" level="INFO">Clicking element 'xpath=//button[.='Add Rate Line Item']'.</msg>
<status status="PASS" starttime="20201015 12:59:13.750" endtime="20201015 12:59:14.213"></status>
</kw>
<kw name="Page Should Contain Element" library="SeleniumLibrary">
<doc>Verifies that element ``locator`` is found on the current page.</doc>
<arguments>
<arg>${Rate_Line_High_Cargo_Value}</arg>
</arguments>
<msg timestamp="20201015 12:59:14.241" level="INFO">Current page contains element 'xpath=//div[@data-testid='customer-rate-quote-line-items-list']//div[@data-cellheader='Rate Type' and contains(text(),'High Cargo Value')]'.</msg>
<status status="PASS" starttime="20201015 12:59:14.214" endtime="20201015 12:59:14.241"></status>
</kw>
<kw name="Verify Total Rate Of Rate Line Items" library="Edit_Customer_Keywords">
<kw name="Set Variable" library="BuiltIn">
<doc>Returns the given values which can then be assigned to a variables.</doc>
<arguments>
<arg>0</arg>
</arguments>
<assign>
<var>${sumOfTotalRate}</var>
</assign>
<msg timestamp="20201015 12:59:14.243" level="INFO">${sumOfTotalRate} = 0</msg>
<status status="PASS" starttime="20201015 12:59:14.242" endtime="20201015 12:59:14.243"></status>
</kw>
<kw name="Get Element Count" library="SeleniumLibrary">
<doc>Returns the number of elements matching ``locator``.</doc>
<arguments>
<arg>${total_rate_column}</arg>
</arguments>
<assign>
<var>${totalRate}</var>
</assign>
<msg timestamp="20201015 12:59:14.255" level="INFO">${totalRate} = 3</msg>
<status status="PASS" starttime="20201015 12:59:14.243" endtime="20201015 12:59:14.255"></status>
</kw>
<kw name="${i} IN RANGE [ 0 | ${totalRate} ]" type="for">
<msg timestamp="20201015 12:59:14.255" level="WARN">Error in file 'C:\Users\Rupali.bhore\PycharmProjects\POM\src\MasteryPreview\Keywords\Edit_Customer_Keywords.robot' in FOR loop starting on line 48: For loop header ': FOR' is deprecated. Use 'FOR' instead.</msg>
<msg timestamp="20201015 12:59:14.257" level="WARN">Error in file 'C:\Users\Rupali.bhore\PycharmProjects\POM\src\MasteryPreview\Keywords\Edit_Customer_Keywords.robot' in FOR loop starting on line 48: Marking for loop body with '\' is deprecated. Remove markers and use 'END' instead.</msg>
<kw name="${i} = 0" type="foritem">
<kw name="Get Text" library="SeleniumLibrary">
<doc>Returns the text value of the element identified by ``locator``.</doc>
<arguments>
<arg>//div[@data-testid='customer-rate-quote-line-items-list']//div[@class='css-11usei1'][${i+1}]//div[@data-cellheader='Total Rate']</arg>
</arguments>
<assign>
<var>${value}</var>
</assign>
<msg timestamp="20201015 12:59:14.283" level="INFO">${value} = $1.30</msg>
<status status="PASS" starttime="20201015 12:59:14.259" endtime="20201015 12:59:14.283"></status>
</kw>
<kw name="Get Substring" library="String">
<doc>Returns a substring from ``start`` index to ``end`` index.</doc>
<arguments>
<arg>${value}</arg>
<arg>1</arg>
</arguments>
<assign>
<var>${rateValue}</var>
</assign>
<msg timestamp="20201015 12:59:14.284" level="INFO">${rateValue} = 1.30</msg>
<status status="PASS" starttime="20201015 12:59:14.283" endtime="20201015 12:59:14.284"></status>
</kw>
<kw name="Evaluate" library="BuiltIn">
<doc>Evaluates the given expression in Python and returns the result.</doc>
<arguments>
<arg>${sumOfTotalRate}+${rateValue}</arg>
</arguments>
<assign>
<var>${sumOfTotalRate}</var>
</assign>
<msg timestamp="20201015 12:59:14.285" level="INFO">${sumOfTotalRate} = 1.3</msg>
<status status="PASS" starttime="20201015 12:59:14.284" endtime="20201015 12:59:14.286"></status>
</kw>
<status status="PASS" starttime="20201015 12:59:14.258" endtime="20201015 12:59:14.286"></status>
</kw>
<kw name="${i} = 1" type="foritem">
<kw name="Get Text" library="SeleniumLibrary">
<doc>Returns the text value of the element identified by ``locator``.</doc>
<arguments>
<arg>//div[@data-testid='customer-rate-quote-line-items-list']//div[@class='css-11usei1'][${i+1}]//div[@data-cellheader='Total Rate']</arg>
</arguments>
<assign>
<var>${value}</var>
</assign>
<msg timestamp="20201015 12:59:14.309" level="INFO">${value} = $375.00</msg>
<status status="PASS" starttime="20201015 12:59:14.286" endtime="20201015 12:59:14.309"></status>
</kw>
<kw name="Get Substring" library="String">
<doc>Returns a substring from ``start`` index to ``end`` index.</doc>
<arguments>
<arg>${value}</arg>
<arg>1</arg>
</arguments>
<assign>
<var>${rateValue}</var>
</assign>
<msg timestamp="20201015 12:59:14.310" level="INFO">${rateValue} = 375.00</msg>
<status status="PASS" starttime="20201015 12:59:14.309" endtime="20201015 12:59:14.310"></status>
</kw>
<kw name="Evaluate" library="BuiltIn">
<doc>Evaluates the given expression in Python and returns the result.</doc>
<arguments>
<arg>${sumOfTotalRate}+${rateValue}</arg>
</arguments>
<assign>
<var>${sumOfTotalRate}</var>
</assign>
<msg timestamp="20201015 12:59:14.311" level="INFO">${sumOfTotalRate} = 376.3</msg>
<status status="PASS" starttime="20201015 12:59:14.311" endtime="20201015 12:59:14.312"></status>
</kw>
<status status="PASS" starttime="20201015 12:59:14.286" endtime="20201015 12:59:14.312"></status>
</kw>
<kw name="${i} = 2" type="foritem">
<kw name="Get Text" library="SeleniumLibrary">
<doc>Returns the text value of the element identified by ``locator``.</doc>
<arguments>
<arg>//div[@data-testid='customer-rate-quote-line-items-list']//div[@class='css-11usei1'][${i+1}]//div[@data-cellheader='Total Rate']</arg>
</arguments>
<assign>
<var>${value}</var>
</assign>
<msg timestamp="20201015 12:59:14.344" level="INFO">${value} = $500.00</msg>
<status status="PASS" starttime="20201015 12:59:14.312" endtime="20201015 12:59:14.344"></status>
</kw>
<kw name="Get Substring" library="String">
<doc>Returns a substring from ``start`` index to ``end`` index.</doc>
<arguments>
<arg>${value}</arg>
<arg>1</arg>
</arguments>
<assign>
<var>${rateValue}</var>
</assign>
<msg timestamp="20201015 12:59:14.345" level="INFO">${rateValue} = 500.00</msg>
<status status="PASS" starttime="20201015 12:59:14.344" endtime="20201015 12:59:14.345"></status>
</kw>
<kw name="Evaluate" library="BuiltIn">
<doc>Evaluates the given expression in Python and returns the result.</doc>
<arguments>
<arg>${sumOfTotalRate}+${rateValue}</arg>
</arguments>
<assign>
<var>${sumOfTotalRate}</var>
</assign>
<msg timestamp="20201015 12:59:14.346" level="INFO">${sumOfTotalRate} = 876.3</msg>
<status status="PASS" starttime="20201015 12:59:14.345" endtime="20201015 12:59:14.346"></status>
</kw>
<status status="PASS" starttime="20201015 12:59:14.312" endtime="20201015 12:59:14.346"></status>
</kw>
<status status="PASS" starttime="20201015 12:59:14.255" endtime="20201015 12:59:14.346"></status>
</kw>
<kw name="Get Text" library="SeleniumLibrary">
<doc>Returns the text value of the element identified by ``locator``.</doc>
<arguments>
<arg>${total_rate_value}</arg>
</arguments>
<assign>
<var>${totalRateValue}</var>
</assign>
<msg timestamp="20201015 12:59:14.363" level="INFO">${totalRateValue} = $876.30</msg>
<status status="PASS" starttime="20201015 12:59:14.346" endtime="20201015 12:59:14.363"></status>
</kw>
<kw name="Get Substring" library="String">
<doc>Returns a substring from ``start`` index to ``end`` index.</doc>
<arguments>
<arg>${totalRateValue}</arg>
<arg>1</arg>
</arguments>
<assign>
<var>${totalRateValueString}</var>
</assign>
<msg timestamp="20201015 12:59:14.364" level="INFO">${totalRateValueString} = 876.30</msg>
<status status="PASS" starttime="20201015 12:59:14.363" endtime="20201015 12:59:14.364"></status>
</kw>
<kw name="Convert To Number" library="BuiltIn">
<doc>Converts the given item to a floating point number.</doc>
<arguments>
<arg>${sumOfTotalRate}</arg>
<arg>2</arg>
</arguments>
<assign>
<var>${calculatedRateNumber}</var>
</assign>
<msg timestamp="20201015 12:59:14.365" level="INFO">${calculatedRateNumber} = 876.3</msg>
<status status="PASS" starttime="20201015 12:59:14.364" endtime="20201015 12:59:14.365"></status>
</kw>
<kw name="Convert To Number" library="BuiltIn">
<doc>Converts the given item to a floating point number.</doc>
<arguments>
<arg>${totalRateValueString}</arg>
<arg>2</arg>
</arguments>
<assign>
<var>${totalRateValueNumber}</var>
</assign>
<msg timestamp="20201015 12:59:14.365" level="INFO">${totalRateValueNumber} = 876.3</msg>
<status status="PASS" starttime="20201015 12:59:14.365" endtime="20201015 12:59:14.365"></status>
</kw>
<kw name="Should Be Equal" library="BuiltIn">
<doc>Fails if the given objects are unequal.</doc>
<arguments>
<arg>${calculatedRateNumber}</arg>
<arg>${totalRateValueNumber}</arg>
</arguments>
<status status="PASS" starttime="20201015 12:59:14.365" endtime="20201015 12:59:14.366"></status>
</kw>
<status status="PASS" starttime="20201015 12:59:14.242" endtime="20201015 12:59:14.366"></status>
</kw>
<kw name="Click Element" library="SeleniumLibrary">
<doc>Click the element identified by ``locator``.</doc>
<arguments>
<arg>${add_rate_line_button}</arg>
</arguments>
<msg timestamp="20201015 12:59:14.367" level="INFO">Clicking element 'xpath=//div[@data-testid='customer-rate-quote-line-items-list']//button[@data-testid='table-add-new']'.</msg>
<status status="PASS" starttime="20201015 12:59:14.366" endtime="20201015 12:59:14.571"></status>
</kw>
<kw name="Page Should Contain Element" library="SeleniumLibrary">
<doc>Verifies that element ``locator`` is found on the current page.</doc>
<arguments>
<arg>${add_rate_line_item_popup}</arg>
</arguments>
<msg timestamp="20201015 12:59:14.710" level="INFO">Current page contains element 'xpath=//div[@role='dialog']'.</msg>
<status status="PASS" starttime="20201015 12:59:14.626" endtime="20201015 12:59:14.711"></status>
</kw>
<kw name="Click Element" library="SeleniumLibrary">
<doc>Click the element identified by ``locator``.</doc>
<arguments>
<arg>${rate_line_type_element}</arg>
</arguments>
<msg timestamp="20201015 12:59:14.713" level="INFO">Clicking element 'xpath=//div[@role='dialog']//div[@name='chargeTypeId']//button'.</msg>
<status status="PASS" starttime="20201015 12:59:14.712" endtime="20201015 12:59:14.869"></status>
</kw>
<kw name="Wait Until Element Is Visible" library="SeleniumLibrary">
<doc>Waits until the element ``locator`` is visible.</doc>
<arguments>
<arg>${select_rate_line_type_lift_gate}</arg>
</arguments>
<status status="PASS" starttime="20201015 12:59:14.870" endtime="20201015 12:59:14.901"></status>
</kw>
<kw name="Click Element" library="SeleniumLibrary">
<doc>Click the element identified by ``locator``.</doc>
<arguments>
<arg>${select_rate_line_type_lift_gate}</arg>
</arguments>
<msg timestamp="20201015 12:59:14.902" level="INFO">Clicking element 'xpath=//li[.='Lift Gate']'.</msg>
<status status="PASS" starttime="20201015 12:59:14.901" endtime="20201015 12:59:15.012"></status>
</kw>
<kw name="Input Text" library="SeleniumLibrary">
<doc>Types the given ``text`` into the text field identified by ``locator``.</doc>
<arguments>
<arg>${rate_per_unit_element}</arg>
<arg>${rate_per_unit_value4}</arg>
</arguments>
<msg timestamp="20201015 12:59:15.014" level="INFO">Typing text '175' into text field 'xpath=//input[@id='rate-field']'.</msg>
<status status="PASS" starttime="20201015 12:59:15.013" endtime="20201015 12:59:15.283"></status>
</kw>
<kw name="Input Text" library="SeleniumLibrary">
<doc>Types the given ``text`` into the text field identified by ``locator``.</doc>
<arguments>
<arg>${units_element}</arg>
<arg>${units_value4}</arg>
</arguments>
<msg timestamp="20201015 12:59:15.285" level="INFO">Typing text '4' into text field 'xpath=//input[@id='units-field']'.</msg>
<status status="PASS" starttime="20201015 12:59:15.284" endtime="20201015 12:59:15.501"></status>
</kw>
<kw name="Wait Until Element Is Enabled" library="SeleniumLibrary">
<doc>Waits until the element ``locator`` is enabled.</doc>
<arguments>
<arg>${add_rate_line_item_button}</arg>
</arguments>
<status status="PASS" starttime="20201015 12:59:15.502" endtime="20201015 12:59:15.530"></status>
</kw>
<kw name="Click Element" library="SeleniumLibrary">
<doc>Click the element identified by ``locator``.</doc>
<arguments>
<arg>${add_rate_line_item_button}</arg>
</arguments>
<msg timestamp="20201015 12:59:15.531" level="INFO">Clicking element 'xpath=//button[.='Add Rate Line Item']'.</msg>
<status status="PASS" starttime="20201015 12:59:15.530" endtime="20201015 12:59:16.051"></status>
</kw>
<kw name="Page Should Contain Element" library="SeleniumLibrary">
<doc>Verifies that element ``locator`` is found on the current page.</doc>
<arguments>
<arg>${Rate_Line_Lift_Gate}</arg>
</arguments>
<msg timestamp="20201015 12:59:16.084" level="INFO">Current page contains element 'xpath=//div[@data-testid='customer-rate-quote-line-items-list']//div[@data-cellheader='Rate Type' and contains(text(),'Lift Gate')]'.</msg>
<status status="PASS" starttime="20201015 12:59:16.053" endtime="20201015 12:59:16.084"></status>
</kw>
<kw name="Verify Total Rate Of Rate Line Items" library="Edit_Customer_Keywords">
<kw name="Set Variable" library="BuiltIn">
<doc>Returns the given values which can then be assigned to a variables.</doc>
<arguments>
<arg>0</arg>
</arguments>
<assign>
<var>${sumOfTotalRate}</var>
</assign>
<msg timestamp="20201015 12:59:16.087" level="INFO">${sumOfTotalRate} = 0</msg>
<status status="PASS" starttime="20201015 12:59:16.086" endtime="20201015 12:59:16.087"></status>
</kw>
<kw name="Get Element Count" library="SeleniumLibrary">
<doc>Returns the number of elements matching ``locator``.</doc>
<arguments>
<arg>${total_rate_column}</arg>
</arguments>
<assign>
<var>${totalRate}</var>
</assign>
<msg timestamp="20201015 12:59:16.104" level="INFO">${totalRate} = 4</msg>
<status status="PASS" starttime="20201015 12:59:16.087" endtime="20201015 12:59:16.104"></status>
</kw>
<kw name="${i} IN RANGE [ 0 | ${totalRate} ]" type="for">
<msg timestamp="20201015 12:59:16.104" level="WARN">Error in file 'C:\Users\Rupali.bhore\PycharmProjects\POM\src\MasteryPreview\Keywords\Edit_Customer_Keywords.robot' in FOR loop starting on line 48: For loop header ': FOR' is deprecated. Use 'FOR' instead.</msg>
<msg timestamp="20201015 12:59:16.106" level="WARN">Error in file 'C:\Users\Rupali.bhore\PycharmProjects\POM\src\MasteryPreview\Keywords\Edit_Customer_Keywords.robot' in FOR loop starting on line 48: Marking for loop body with '\' is deprecated. Remove markers and use 'END' instead.</msg>
<kw name="${i} = 0" type="foritem">
<kw name="Get Text" library="SeleniumLibrary">
<doc>Returns the text value of the element identified by ``locator``.</doc>
<arguments>
<arg>//div[@data-testid='customer-rate-quote-line-items-list']//div[@class='css-11usei1'][${i+1}]//div[@data-cellheader='Total Rate']</arg>
</arguments>
<assign>
<var>${value}</var>
</assign>
<msg timestamp="20201015 12:59:16.151" level="INFO">${value} = $1.30</msg>
<status status="PASS" starttime="20201015 12:59:16.108" endtime="20201015 12:59:16.151"></status>
</kw>
<kw name="Get Substring" library="String">
<doc>Returns a substring from ``start`` index to ``end`` index.</doc>
<arguments>
<arg>${value}</arg>
<arg>1</arg>
</arguments>
<assign>
<var>${rateValue}</var>
</assign>
<msg timestamp="20201015 12:59:16.152" level="INFO">${rateValue} = 1.30</msg>
<status status="PASS" starttime="20201015 12:59:16.151" endtime="20201015 12:59:16.152"></status>
</kw>
<kw name="Evaluate" library="BuiltIn">
<doc>Evaluates the given expression in Python and returns the result.</doc>
<arguments>
<arg>${sumOfTotalRate}+${rateValue}</arg>
</arguments>
<assign>
<var>${sumOfTotalRate}</var>
</assign>
<msg timestamp="20201015 12:59:16.153" level="INFO">${sumOfTotalRate} = 1.3</msg>
<status status="PASS" starttime="20201015 12:59:16.152" endtime="20201015 12:59:16.153"></status>
</kw>
<status status="PASS" starttime="20201015 12:59:16.108" endtime="20201015 12:59:16.153"></status>
</kw>
<kw name="${i} = 1" type="foritem">
<kw name="Get Text" library="SeleniumLibrary">
<doc>Returns the text value of the element identified by ``locator``.</doc>
<arguments>
<arg>//div[@data-testid='customer-rate-quote-line-items-list']//div[@class='css-11usei1'][${i+1}]//div[@data-cellheader='Total Rate']</arg>
</arguments>
<assign>
<var>${value}</var>
</assign>
<msg timestamp="20201015 12:59:16.181" level="INFO">${value} = $375.00</msg>
<status status="PASS" starttime="20201015 12:59:16.154" endtime="20201015 12:59:16.181"></status>
</kw>
<kw name="Get Substring" library="String">
<doc>Returns a substring from ``start`` index to ``end`` index.</doc>
<arguments>
<arg>${value}</arg>
<arg>1</arg>
</arguments>
<assign>
<var>${rateValue}</var>
</assign>
<msg timestamp="20201015 12:59:16.182" level="INFO">${rateValue} = 375.00</msg>
<status status="PASS" starttime="20201015 12:59:16.181" endtime="20201015 12:59:16.182"></status>
</kw>
<kw name="Evaluate" library="BuiltIn">
<doc>Evaluates the given expression in Python and returns the result.</doc>
<arguments>
<arg>${sumOfTotalRate}+${rateValue}</arg>
</arguments>
<assign>
<var>${sumOfTotalRate}</var>
</assign>
<msg timestamp="20201015 12:59:16.183" level="INFO">${sumOfTotalRate} = 376.3</msg>
<status status="PASS" starttime="20201015 12:59:16.182" endtime="20201015 12:59:16.184"></status>
</kw>
<status status="PASS" starttime="20201015 12:59:16.154" endtime="20201015 12:59:16.184"></status>
</kw>
<kw name="${i} = 2" type="foritem">
<kw name="Get Text" library="SeleniumLibrary">
<doc>Returns the text value of the element identified by ``locator``.</doc>
<arguments>
<arg>//div[@data-testid='customer-rate-quote-line-items-list']//div[@class='css-11usei1'][${i+1}]//div[@data-cellheader='Total Rate']</arg>
</arguments>
<assign>
<var>${value}</var>
</assign>
<msg timestamp="20201015 12:59:16.215" level="INFO">${value} = $500.00</msg>
<status status="PASS" starttime="20201015 12:59:16.184" endtime="20201015 12:59:16.215"></status>
</kw>
<kw name="Get Substring" library="String">
<doc>Returns a substring from ``start`` index to ``end`` index.</doc>
<arguments>
<arg>${value}</arg>
<arg>1</arg>
</arguments>
<assign>
<var>${rateValue}</var>
</assign>
<msg timestamp="20201015 12:59:16.216" level="INFO">${rateValue} = 500.00</msg>
<status status="PASS" starttime="20201015 12:59:16.215" endtime="20201015 12:59:16.216"></status>
</kw>
<kw name="Evaluate" library="BuiltIn">
<doc>Evaluates the given expression in Python and returns the result.</doc>
<arguments>
<arg>${sumOfTotalRate}+${rateValue}</arg>
</arguments>
<assign>
<var>${sumOfTotalRate}</var>
</assign>
<msg timestamp="20201015 12:59:16.217" level="INFO">${sumOfTotalRate} = 876.3</msg>
<status status="PASS" starttime="20201015 12:59:16.217" endtime="20201015 12:59:16.218"></status>
</kw>
<status status="PASS" starttime="20201015 12:59:16.184" endtime="20201015 12:59:16.218"></status>
</kw>
<kw name="${i} = 3" type="foritem">
<kw name="Get Text" library="SeleniumLibrary">
<doc>Returns the text value of the element identified by ``locator``.</doc>
<arguments>
<arg>//div[@data-testid='customer-rate-quote-line-items-list']//div[@class='css-11usei1'][${i+1}]//div[@data-cellheader='Total Rate']</arg>
</arguments>
<assign>
<var>${value}</var>
</assign>
<msg timestamp="20201015 12:59:16.259" level="INFO">${value} = $700.00</msg>
<status status="PASS" starttime="20201015 12:59:16.218" endtime="20201015 12:59:16.259"></status>
</kw>
<kw name="Get Substring" library="String">
<doc>Returns a substring from ``start`` index to ``end`` index.</doc>
<arguments>
<arg>${value}</arg>
<arg>1</arg>
</arguments>
<assign>
<var>${rateValue}</var>
</assign>
<msg timestamp="20201015 12:59:16.260" level="INFO">${rateValue} = 700.00</msg>
<status status="PASS" starttime="20201015 12:59:16.259" endtime="20201015 12:59:16.260"></status>
</kw>
<kw name="Evaluate" library="BuiltIn">
<doc>Evaluates the given expression in Python and returns the result.</doc>
<arguments>
<arg>${sumOfTotalRate}+${rateValue}</arg>
</arguments>
<assign>
<var>${sumOfTotalRate}</var>
</assign>
<msg timestamp="20201015 12:59:16.261" level="INFO">${sumOfTotalRate} = 1576.3</msg>
<status status="PASS" starttime="20201015 12:59:16.260" endtime="20201015 12:59:16.261"></status>
</kw>
<status status="PASS" starttime="20201015 12:59:16.218" endtime="20201015 12:59:16.261"></status>
</kw>
<status status="PASS" starttime="20201015 12:59:16.104" endtime="20201015 12:59:16.261"></status>
</kw>
<kw name="Get Text" library="SeleniumLibrary">
<doc>Returns the text value of the element identified by ``locator``.</doc>
<arguments>
<arg>${total_rate_value}</arg>
</arguments>
<assign>
<var>${totalRateValue}</var>
</assign>
<msg timestamp="20201015 12:59:16.284" level="INFO">${totalRateValue} = $1576.30</msg>
<status status="PASS" starttime="20201015 12:59:16.262" endtime="20201015 12:59:16.284"></status>
</kw>
<kw name="Get Substring" library="String">
<doc>Returns a substring from ``start`` index to ``end`` index.</doc>
<arguments>
<arg>${totalRateValue}</arg>
<arg>1</arg>
</arguments>
<assign>
<var>${totalRateValueString}</var>
</assign>
<msg timestamp="20201015 12:59:16.285" level="INFO">${totalRateValueString} = 1576.30</msg>
<status status="PASS" starttime="20201015 12:59:16.285" endtime="20201015 12:59:16.285"></status>
</kw>
<kw name="Convert To Number" library="BuiltIn">
<doc>Converts the given item to a floating point number.</doc>
<arguments>
<arg>${sumOfTotalRate}</arg>
<arg>2</arg>
</arguments>
<assign>
<var>${calculatedRateNumber}</var>
</assign>
<msg timestamp="20201015 12:59:16.287" level="INFO">${calculatedRateNumber} = 1576.3</msg>
<status status="PASS" starttime="20201015 12:59:16.286" endtime="20201015 12:59:16.287"></status>
</kw>
<kw name="Convert To Number" library="BuiltIn">
<doc>Converts the given item to a floating point number.</doc>
<arguments>
<arg>${totalRateValueString}</arg>
<arg>2</arg>
</arguments>
<assign>
<var>${totalRateValueNumber}</var>
</assign>
<msg timestamp="20201015 12:59:16.288" level="INFO">${totalRateValueNumber} = 1576.3</msg>
<status status="PASS" starttime="20201015 12:59:16.287" endtime="20201015 12:59:16.288"></status>
</kw>
<kw name="Should Be Equal" library="BuiltIn">
<doc>Fails if the given objects are unequal.</doc>
<arguments>
<arg>${calculatedRateNumber}</arg>
<arg>${totalRateValueNumber}</arg>
</arguments>
<status status="PASS" starttime="20201015 12:59:16.288" endtime="20201015 12:59:16.290"></status>
</kw>
<status status="PASS" starttime="20201015 12:59:16.085" endtime="20201015 12:59:16.290"></status>
</kw>
<kw name="Click Element" library="SeleniumLibrary">
<doc>Click the element identified by ``locator``.</doc>
<arguments>
<arg>${add_rate_line_button}</arg>
</arguments>
<msg timestamp="20201015 12:59:16.291" level="INFO">Clicking element 'xpath=//div[@data-testid='customer-rate-quote-line-items-list']//button[@data-testid='table-add-new']'.</msg>
<status status="PASS" starttime="20201015 12:59:16.291" endtime="20201015 12:59:16.496"></status>
</kw>
<kw name="Page Should Contain Element" library="SeleniumLibrary">
<doc>Verifies that element ``locator`` is found on the current page.</doc>
<arguments>
<arg>${add_rate_line_item_popup}</arg>
</arguments>
<msg timestamp="20201015 12:59:16.528" level="INFO">Current page contains element 'xpath=//div[@role='dialog']'.</msg>
<status status="PASS" starttime="20201015 12:59:16.498" endtime="20201015 12:59:16.529"></status>
</kw>
<kw name="Click Element" library="SeleniumLibrary">
<doc>Click the element identified by ``locator``.</doc>
<arguments>
<arg>${rate_line_type_element}</arg>
</arguments>
<msg timestamp="20201015 12:59:16.530" level="INFO">Clicking element 'xpath=//div[@role='dialog']//div[@name='chargeTypeId']//button'.</msg>
<status status="PASS" starttime="20201015 12:59:16.529" endtime="20201015 12:59:16.635"></status>
</kw>
<kw name="Wait Until Element Is Visible" library="SeleniumLibrary">
<doc>Waits until the element ``locator`` is visible.</doc>
<arguments>
<arg>${select_rate_line_type_linehaul}</arg>
</arguments>
<status status="PASS" starttime="20201015 12:59:16.636" endtime="20201015 12:59:16.688"></status>
</kw>
<kw name="Click Element" library="SeleniumLibrary">
<doc>Click the element identified by ``locator``.</doc>
<arguments>
<arg>${select_rate_line_type_linehaul}</arg>
</arguments>
<msg timestamp="20201015 12:59:16.689" level="INFO">Clicking element 'xpath=//li[.='Linehaul']'.</msg>
<status status="PASS" starttime="20201015 12:59:16.689" endtime="20201015 12:59:16.849"></status>
</kw>
<kw name="Input Text" library="SeleniumLibrary">
<doc>Types the given ``text`` into the text field identified by ``locator``.</doc>
<arguments>
<arg>${rate_per_unit_element}</arg>
<arg>${rate_per_unit_value5}</arg>
</arguments>
<msg timestamp="20201015 12:59:16.853" level="INFO">Typing text '50' into text field 'xpath=//input[@id='rate-field']'.</msg>
<status status="PASS" starttime="20201015 12:59:16.852" endtime="20201015 12:59:17.100"></status>
</kw>
<kw name="Input Text" library="SeleniumLibrary">
<doc>Types the given ``text`` into the text field identified by ``locator``.</doc>
<arguments>
<arg>${units_element}</arg>
<arg>${units_value5}</arg>
</arguments>
<msg timestamp="20201015 12:59:17.102" level="INFO">Typing text '5' into text field 'xpath=//input[@id='units-field']'.</msg>
<status status="PASS" starttime="20201015 12:59:17.101" endtime="20201015 12:59:17.330"></status>
</kw>
<kw name="Wait Until Element Is Enabled" library="SeleniumLibrary">
<doc>Waits until the element ``locator`` is enabled.</doc>
<arguments>
<arg>${add_rate_line_item_button}</arg>
</arguments>
<status status="PASS" starttime="20201015 12:59:17.330" endtime="20201015 12:59:17.368"></status>
</kw>
<kw name="Click Element" library="SeleniumLibrary">
<doc>Click the element identified by ``locator``.</doc>
<arguments>
<arg>${add_rate_line_item_button}</arg>
</arguments>
<msg timestamp="20201015 12:59:17.372" level="INFO">Clicking element 'xpath=//button[.='Add Rate Line Item']'.</msg>
<status status="PASS" starttime="20201015 12:59:17.371" endtime="20201015 12:59:17.816"></status>
</kw>
<kw name="Page Should Contain Element" library="SeleniumLibrary">
<doc>Verifies that element ``locator`` is found on the current page.</doc>
<arguments>
<arg>${Rate_Line_Linehaul}</arg>
</arguments>
<msg timestamp="20201015 12:59:17.853" level="INFO">Current page contains element 'xpath=//div[@data-testid='customer-rate-quote-line-items-list']//div[@data-cellheader='Rate Type' and contains(text(),'Linehaul')]'.</msg>
<status status="PASS" starttime="20201015 12:59:17.821" endtime="20201015 12:59:17.853"></status>
</kw>
<kw name="Verify Total Rate Of Rate Line Items" library="Edit_Customer_Keywords">
<kw name="Set Variable" library="BuiltIn">
<doc>Returns the given values which can then be assigned to a variables.</doc>
<arguments>
<arg>0</arg>
</arguments>
<assign>
<var>${sumOfTotalRate}</var>
</assign>
<msg timestamp="20201015 12:59:17.858" level="INFO">${sumOfTotalRate} = 0</msg>
<status status="PASS" starttime="20201015 12:59:17.858" endtime="20201015 12:59:17.858"></status>
</kw>
<kw name="Get Element Count" library="SeleniumLibrary">
<doc>Returns the number of elements matching ``locator``.</doc>
<arguments>
<arg>${total_rate_column}</arg>
</arguments>
<assign>
<var>${totalRate}</var>
</assign>
<msg timestamp="20201015 12:59:17.876" level="INFO">${totalRate} = 5</msg>
<status status="PASS" starttime="20201015 12:59:17.858" endtime="20201015 12:59:17.876"></status>
</kw>
<kw name="${i} IN RANGE [ 0 | ${totalRate} ]" type="for">
<msg timestamp="20201015 12:59:17.877" level="WARN">Error in file 'C:\Users\Rupali.bhore\PycharmProjects\POM\src\MasteryPreview\Keywords\Edit_Customer_Keywords.robot' in FOR loop starting on line 48: For loop header ': FOR' is deprecated. Use 'FOR' instead.</msg>
<msg timestamp="20201015 12:59:17.880" level="WARN">Error in file 'C:\Users\Rupali.bhore\PycharmProjects\POM\src\MasteryPreview\Keywords\Edit_Customer_Keywords.robot' in FOR loop starting on line 48: Marking for loop body with '\' is deprecated. Remove markers and use 'END' instead.</msg>
<kw name="${i} = 0" type="foritem">
<kw name="Get Text" library="SeleniumLibrary">
<doc>Returns the text value of the element identified by ``locator``.</doc>
<arguments>
<arg>//div[@data-testid='customer-rate-quote-line-items-list']//div[@class='css-11usei1'][${i+1}]//div[@data-cellheader='Total Rate']</arg>
</arguments>
<assign>
<var>${value}</var>
</assign>
<msg timestamp="20201015 12:59:17.911" level="INFO">${value} = $1.30</msg>
<status status="PASS" starttime="20201015 12:59:17.882" endtime="20201015 12:59:17.911"></status>
</kw>
<kw name="Get Substring" library="String">
<doc>Returns a substring from ``start`` index to ``end`` index.</doc>
<arguments>
<arg>${value}</arg>
<arg>1</arg>
</arguments>
<assign>
<var>${rateValue}</var>
</assign>
<msg timestamp="20201015 12:59:17.912" level="INFO">${rateValue} = 1.30</msg>
<status status="PASS" starttime="20201015 12:59:17.911" endtime="20201015 12:59:17.912"></status>
</kw>
<kw name="Evaluate" library="BuiltIn">
<doc>Evaluates the given expression in Python and returns the result.</doc>
<arguments>
<arg>${sumOfTotalRate}+${rateValue}</arg>
</arguments>
<assign>
<var>${sumOfTotalRate}</var>
</assign>
<msg timestamp="20201015 12:59:17.913" level="INFO">${sumOfTotalRate} = 1.3</msg>
<status status="PASS" starttime="20201015 12:59:17.912" endtime="20201015 12:59:17.913"></status>
</kw>
<status status="PASS" starttime="20201015 12:59:17.881" endtime="20201015 12:59:17.913"></status>
</kw>
<kw name="${i} = 1" type="foritem">
<kw name="Get Text" library="SeleniumLibrary">
<doc>Returns the text value of the element identified by ``locator``.</doc>
<arguments>
<arg>//div[@data-testid='customer-rate-quote-line-items-list']//div[@class='css-11usei1'][${i+1}]//div[@data-cellheader='Total Rate']</arg>
</arguments>
<assign>
<var>${value}</var>
</assign>
<msg timestamp="20201015 12:59:17.939" level="INFO">${value} = $375.00</msg>
<status status="PASS" starttime="20201015 12:59:17.914" endtime="20201015 12:59:17.939"></status>
</kw>
<kw name="Get Substring" library="String">
<doc>Returns a substring from ``start`` index to ``end`` index.</doc>
<arguments>
<arg>${value}</arg>
<arg>1</arg>
</arguments>
<assign>
<var>${rateValue}</var>
</assign>
<msg timestamp="20201015 12:59:17.940" level="INFO">${rateValue} = 375.00</msg>
<status status="PASS" starttime="20201015 12:59:17.939" endtime="20201015 12:59:17.940"></status>
</kw>
<kw name="Evaluate" library="BuiltIn">
<doc>Evaluates the given expression in Python and returns the result.</doc>
<arguments>
<arg>${sumOfTotalRate}+${rateValue}</arg>
</arguments>
<assign>
<var>${sumOfTotalRate}</var>
</assign>
<msg timestamp="20201015 12:59:17.941" level="INFO">${sumOfTotalRate} = 376.3</msg>
<status status="PASS" starttime="20201015 12:59:17.940" endtime="20201015 12:59:17.941"></status>
</kw>
<status status="PASS" starttime="20201015 12:59:17.913" endtime="20201015 12:59:17.941"></status>
</kw>
<kw name="${i} = 2" type="foritem">
<kw name="Get Text" library="SeleniumLibrary">
<doc>Returns the text value of the element identified by ``locator``.</doc>
<arguments>
<arg>//div[@data-testid='customer-rate-quote-line-items-list']//div[@class='css-11usei1'][${i+1}]//div[@data-cellheader='Total Rate']</arg>
</arguments>
<assign>
<var>${value}</var>
</assign>
<msg timestamp="20201015 12:59:17.964" level="INFO">${value} = $500.00</msg>
<status status="PASS" starttime="20201015 12:59:17.941" endtime="20201015 12:59:17.964"></status>
</kw>
<kw name="Get Substring" library="String">
<doc>Returns a substring from ``start`` index to ``end`` index.</doc>
<arguments>
<arg>${value}</arg>
<arg>1</arg>
</arguments>
<assign>
<var>${rateValue}</var>
</assign>
<msg timestamp="20201015 12:59:17.965" level="INFO">${rateValue} = 500.00</msg>
<status status="PASS" starttime="20201015 12:59:17.965" endtime="20201015 12:59:17.966"></status>
</kw>
<kw name="Evaluate" library="BuiltIn">
<doc>Evaluates the given expression in Python and returns the result.</doc>
<arguments>
<arg>${sumOfTotalRate}+${rateValue}</arg>
</arguments>
<assign>
<var>${sumOfTotalRate}</var>
</assign>
<msg timestamp="20201015 12:59:17.967" level="INFO">${sumOfTotalRate} = 876.3</msg>
<status status="PASS" starttime="20201015 12:59:17.966" endtime="20201015 12:59:17.967"></status>
</kw>
<status status="PASS" starttime="20201015 12:59:17.941" endtime="20201015 12:59:17.967"></status>
</kw>
<kw name="${i} = 3" type="foritem">
<kw name="Get Text" library="SeleniumLibrary">
<doc>Returns the text value of the element identified by ``locator``.</doc>
<arguments>
<arg>//div[@data-testid='customer-rate-quote-line-items-list']//div[@class='css-11usei1'][${i+1}]//div[@data-cellheader='Total Rate']</arg>
</arguments>
<assign>
<var>${value}</var>
</assign>
<msg timestamp="20201015 12:59:18.003" level="INFO">${value} = $700.00</msg>
<status status="PASS" starttime="20201015 12:59:17.968" endtime="20201015 12:59:18.004"></status>
</kw>
<kw name="Get Substring" library="String">
<doc>Returns a substring from ``start`` index to ``end`` index.</doc>
<arguments>
<arg>${value}</arg>
<arg>1</arg>
</arguments>
<assign>
<var>${rateValue}</var>
</assign>
<msg timestamp="20201015 12:59:18.005" level="INFO">${rateValue} = 700.00</msg>
<status status="PASS" starttime="20201015 12:59:18.004" endtime="20201015 12:59:18.005"></status>
</kw>
<kw name="Evaluate" library="BuiltIn">
<doc>Evaluates the given expression in Python and returns the result.</doc>
<arguments>
<arg>${sumOfTotalRate}+${rateValue}</arg>
</arguments>
<assign>
<var>${sumOfTotalRate}</var>
</assign>
<msg timestamp="20201015 12:59:18.007" level="INFO">${sumOfTotalRate} = 1576.3</msg>
<status status="PASS" starttime="20201015 12:59:18.005" endtime="20201015 12:59:18.007"></status>
</kw>
<status status="PASS" starttime="20201015 12:59:17.967" endtime="20201015 12:59:18.007"></status>
</kw>
<kw name="${i} = 4" type="foritem">
<kw name="Get Text" library="SeleniumLibrary">
<doc>Returns the text value of the element identified by ``locator``.</doc>
<arguments>
<arg>//div[@data-testid='customer-rate-quote-line-items-list']//div[@class='css-11usei1'][${i+1}]//div[@data-cellheader='Total Rate']</arg>
</arguments>
<assign>
<var>${value}</var>
</assign>
<msg timestamp="20201015 12:59:18.050" level="INFO">${value} = $250.00</msg>
<status status="PASS" starttime="20201015 12:59:18.007" endtime="20201015 12:59:18.050"></status>
</kw>
<kw name="Get Substring" library="String">
<doc>Returns a substring from ``start`` index to ``end`` index.</doc>
<arguments>
<arg>${value}</arg>
<arg>1</arg>
</arguments>
<assign>
<var>${rateValue}</var>
</assign>
<msg timestamp="20201015 12:59:18.050" level="INFO">${rateValue} = 250.00</msg>
<status status="PASS" starttime="20201015 12:59:18.050" endtime="20201015 12:59:18.051"></status>
</kw>
<kw name="Evaluate" library="BuiltIn">
<doc>Evaluates the given expression in Python and returns the result.</doc>
<arguments>
<arg>${sumOfTotalRate}+${rateValue}</arg>
</arguments>
<assign>
<var>${sumOfTotalRate}</var>
</assign>
<msg timestamp="20201015 12:59:18.051" level="INFO">${sumOfTotalRate} = 1826.3</msg>
<status status="PASS" starttime="20201015 12:59:18.051" endtime="20201015 12:59:18.051"></status>
</kw>
<status status="PASS" starttime="20201015 12:59:18.007" endtime="20201015 12:59:18.052"></status>
</kw>
<status status="PASS" starttime="20201015 12:59:17.876" endtime="20201015 12:59:18.052"></status>
</kw>
<kw name="Get Text" library="SeleniumLibrary">
<doc>Returns the text value of the element identified by ``locator``.</doc>
<arguments>
<arg>${total_rate_value}</arg>
</arguments>
<assign>
<var>${totalRateValue}</var>
</assign>
<msg timestamp="20201015 12:59:18.074" level="INFO">${totalRateValue} = $1826.30</msg>
<status status="PASS" starttime="20201015 12:59:18.052" endtime="20201015 12:59:18.074"></status>
</kw>
<kw name="Get Substring" library="String">
<doc>Returns a substring from ``start`` index to ``end`` index.</doc>
<arguments>
<arg>${totalRateValue}</arg>
<arg>1</arg>
</arguments>
<assign>
<var>${totalRateValueString}</var>
</assign>
<msg timestamp="20201015 12:59:18.075" level="INFO">${totalRateValueString} = 1826.30</msg>
<status status="PASS" starttime="20201015 12:59:18.074" endtime="20201015 12:59:18.075"></status>
</kw>
<kw name="Convert To Number" library="BuiltIn">
<doc>Converts the given item to a floating point number.</doc>
<arguments>
<arg>${sumOfTotalRate}</arg>
<arg>2</arg>
</arguments>
<assign>
<var>${calculatedRateNumber}</var>
</assign>
<msg timestamp="20201015 12:59:18.076" level="INFO">${calculatedRateNumber} = 1826.3</msg>
<status status="PASS" starttime="20201015 12:59:18.076" endtime="20201015 12:59:18.076"></status>
</kw>
<kw name="Convert To Number" library="BuiltIn">
<doc>Converts the given item to a floating point number.</doc>
<arguments>
<arg>${totalRateValueString}</arg>
<arg>2</arg>
</arguments>
<assign>
<var>${totalRateValueNumber}</var>
</assign>
<msg timestamp="20201015 12:59:18.077" level="INFO">${totalRateValueNumber} = 1826.3</msg>
<status status="PASS" starttime="20201015 12:59:18.076" endtime="20201015 12:59:18.077"></status>
</kw>
<kw name="Should Be Equal" library="BuiltIn">
<doc>Fails if the given objects are unequal.</doc>
<arguments>
<arg>${calculatedRateNumber}</arg>
<arg>${totalRateValueNumber}</arg>
</arguments>
<status status="PASS" starttime="20201015 12:59:18.077" endtime="20201015 12:59:18.077"></status>
</kw>
<status status="PASS" starttime="20201015 12:59:17.857" endtime="20201015 12:59:18.078"></status>
</kw>
<kw name="Wait Until Element Is Enabled" library="SeleniumLibrary">
<doc>Waits until the element ``locator`` is enabled.</doc>
<arguments>
<arg>${add_quote_button}</arg>
</arguments>
<status status="PASS" starttime="20201015 12:59:18.078" endtime="20201015 12:59:18.122"></status>
</kw>
<kw name="Click Element" library="SeleniumLibrary">
<doc>Click the element identified by ``locator``.</doc>
<arguments>
<arg>${add_quote_button}</arg>
</arguments>
<msg timestamp="20201015 12:59:18.123" level="INFO">Clicking element 'xpath=//button[@data-testid='customer-add-rate-quote-button' and .='Add Quote']'.</msg>
<status status="PASS" starttime="20201015 12:59:18.123" endtime="20201015 12:59:18.478"></status>
</kw>
<kw name="Wait Until Element Is Visible" library="SeleniumLibrary">
<doc>Waits until the element ``locator`` is visible.</doc>
<arguments>
<arg>${list_of_quotes}</arg>
</arguments>
<status status="PASS" starttime="20201015 12:59:18.479" endtime="20201015 12:59:21.005"></status>
</kw>
<kw name="Page Should Contain Element" library="SeleniumLibrary">
<doc>Verifies that element ``locator`` is found on the current page.</doc>
<arguments>
<arg>${list_of_quotes}</arg>
</arguments>
<msg timestamp="20201015 12:59:21.020" level="INFO">Current page contains element 'xpath=//div[@data-testid='customer-rate-quote-new-quotes-list']//div[@class='css-1afe8lq']'.</msg>
<status status="PASS" starttime="20201015 12:59:21.006" endtime="20201015 12:59:21.021"></status>
</kw>
<kw name="Page Should Contain Element" library="SeleniumLibrary">
<doc>Verifies that element ``locator`` is found on the current page.</doc>
<arguments>
<arg>${origin_chicago_city_from_quotes}</arg>
</arguments>
<msg timestamp="20201015 12:59:21.048" level="INFO">Current page contains element 'xpath=//div[@data-testid='customer-rate-quote-new-quotes-list']//div[@data-cellheader='Origin' and @title='Chicago, IL']'.</msg>
<status status="PASS" starttime="20201015 12:59:21.021" endtime="20201015 12:59:21.048"></status>
</kw>
<kw name="Page Should Contain Element" library="SeleniumLibrary">
<doc>Verifies that element ``locator`` is found on the current page.</doc>
<arguments>
<arg>${destination_dallas_city_from_quotes}</arg>
</arguments>
<msg timestamp="20201015 12:59:21.078" level="INFO">Current page contains element 'xpath=//div[@data-testid='customer-rate-quote-new-quotes-list']//div[@data-cellheader='Destination' and @title='Dallas, TX']'.</msg>
<status status="PASS" starttime="20201015 12:59:21.049" endtime="20201015 12:59:21.079"></status>
</kw>
<kw name="Clear Origin and Destination" library="Edit_Customer_Keywords">
<kw name="Press Keys" library="SeleniumLibrary">
<doc>Simulates the user pressing key(s) to an element or on the active browser.</doc>
<arguments>
<arg>${Origin_Element}</arg>
<arg>CTRL+a+BACKSPACE</arg>
</arguments>
<msg timestamp="20201015 12:59:21.083" level="INFO">Sending key(s) ('CTRL+a+BACKSPACE',) to xpath=//div[@id='origin-text']//input element.</msg>
<msg timestamp="20201015 12:59:21.575" level="INFO">Pressing special key CONTROL down.</msg>
<msg timestamp="20201015 12:59:21.575" level="INFO">Sending key a</msg>
<msg timestamp="20201015 12:59:21.576" level="INFO">Pressing special key BACKSPACE down.</msg>
<msg timestamp="20201015 12:59:21.576" level="INFO">Releasing special key CONTROL.</msg>
<msg timestamp="20201015 12:59:21.576" level="INFO">Releasing special key BACKSPACE.</msg>
<status status="PASS" starttime="20201015 12:59:21.081" endtime="20201015 12:59:22.854"></status>
</kw>
<kw name="Press Keys" library="SeleniumLibrary">
<doc>Simulates the user pressing key(s) to an element or on the active browser.</doc>
<arguments>
<arg>${Destination_Element}</arg>
<arg>CTRL+a+BACKSPACE</arg>
</arguments>
<msg timestamp="20201015 12:59:22.856" level="INFO">Sending key(s) ('CTRL+a+BACKSPACE',) to xpath=//div[@id='destination-text']//input element.</msg>
<msg timestamp="20201015 12:59:23.279" level="INFO">Pressing special key CONTROL down.</msg>
<msg timestamp="20201015 12:59:23.279" level="INFO">Sending key a</msg>
<msg timestamp="20201015 12:59:23.279" level="INFO">Pressing special key BACKSPACE down.</msg>
<msg timestamp="20201015 12:59:23.280" level="INFO">Releasing special key CONTROL.</msg>
<msg timestamp="20201015 12:59:23.280" level="INFO">Releasing special key BACKSPACE.</msg>
<status status="PASS" starttime="20201015 12:59:22.855" endtime="20201015 12:59:23.956"></status>
</kw>
<status status="PASS" starttime="20201015 12:59:21.080" endtime="20201015 12:59:23.957"></status>
</kw>
<kw name="Input Text" library="SeleniumLibrary">
<doc>Types the given ``text`` into the text field identified by ``locator``.</doc>
<arguments>
<arg>${origin_element}</arg>
<arg>${origin_value_atlanta}</arg>
</arguments>
<msg timestamp="20201015 12:59:23.959" level="INFO">Typing text 'Atlanta, GA' into text field 'xpath=//div[@id='origin-text']//input'.</msg>
<status status="PASS" starttime="20201015 12:59:23.958" endtime="20201015 12:59:24.783"></status>
</kw>
<kw name="Wait Until Element Is Visible" library="SeleniumLibrary">
<doc>Waits until the element ``locator`` is visible.</doc>
<arguments>
<arg>${origin_value_atlanta_tbs}</arg>
</arguments>
<status status="PASS" starttime="20201015 12:59:24.784" endtime="20201015 12:59:26.003"></status>
</kw>
<kw name="Click Element" library="SeleniumLibrary">
<doc>Click the element identified by ``locator``.</doc>
<arguments>
<arg>${origin_value_atlanta_tbs}</arg>
</arguments>
<msg timestamp="20201015 12:59:26.005" level="INFO">Clicking element 'xpath=//li[.='Atlanta, GA']'.</msg>
<status status="PASS" starttime="20201015 12:59:26.005" endtime="20201015 12:59:26.757"></status>
</kw>
<kw name="Input Text" library="SeleniumLibrary">
<doc>Types the given ``text`` into the text field identified by ``locator``.</doc>
<arguments>
<arg>${destination_element}</arg>
<arg>${destination_value_memphis}</arg>
</arguments>
<msg timestamp="20201015 12:59:26.760" level="INFO">Typing text 'Memphis, TN' into text field 'xpath=//div[@id='destination-text']//input'.</msg>
<status status="PASS" starttime="20201015 12:59:26.759" endtime="20201015 12:59:27.838"></status>
</kw>
<kw name="Wait Until Element Is Visible" library="SeleniumLibrary">
<doc>Waits until the element ``locator`` is visible.</doc>
<arguments>
<arg>${destination_value_memphis_tbs}</arg>
</arguments>
<status status="PASS" starttime="20201015 12:59:27.839" endtime="20201015 12:59:29.273"></status>
</kw>
<kw name="Click Element" library="SeleniumLibrary">
<doc>Click the element identified by ``locator``.</doc>
<arguments>
<arg>${destination_value_memphis_tbs}</arg>
</arguments>
<msg timestamp="20201015 12:59:29.274" level="INFO">Clicking element 'xpath=//li[.='Memphis, TN']'.</msg>
<status status="PASS" starttime="20201015 12:59:29.274" endtime="20201015 12:59:29.760"></status>
</kw>
<kw name="Page Should Contain Element" library="SeleniumLibrary">
<doc>Verifies that element ``locator`` is found on the current page.</doc>
<arguments>
<arg>${rate_line_table}</arg>
</arguments>
<msg timestamp="20201015 12:59:29.781" level="INFO">Current page contains element 'xpath=//div[@data-testid='customer-rate-quote-line-items-list']'.</msg>
<status status="PASS" starttime="20201015 12:59:29.762" endtime="20201015 12:59:29.781"></status>
</kw>
<kw name="Click Element" library="SeleniumLibrary">
<doc>Click the element identified by ``locator``.</doc>
<arguments>
<arg>${add_rate_line_button}</arg>
</arguments>
<msg timestamp="20201015 12:59:29.783" level="INFO">Clicking element 'xpath=//div[@data-testid='customer-rate-quote-line-items-list']//button[@data-testid='table-add-new']'.</msg>
<status status="PASS" starttime="20201015 12:59:29.783" endtime="20201015 12:59:30.024"></status>
</kw>
<kw name="Page Should Contain Element" library="SeleniumLibrary">
<doc>Verifies that element ``locator`` is found on the current page.</doc>
<arguments>
<arg>${add_rate_line_item_popup}</arg>
</arguments>
<msg timestamp="20201015 12:59:30.054" level="INFO">Current page contains element 'xpath=//div[@role='dialog']'.</msg>
<status status="PASS" starttime="20201015 12:59:30.025" endtime="20201015 12:59:30.054"></status>
</kw>
[...]
</kw>
<kw name="Get Element Attribute" library="SeleniumLibrary">
<doc>Returns the value of ``attribute`` from the element ``locator``.</doc>
<arguments>
<arg>${expired_checkbox}</arg>
<arg>value</arg>
</arguments>
<assign>
<var>${expired}</var>
</assign>
<msg timestamp="20201015 13:04:19.458" level="INFO">${expired} = true</msg>
<status status="PASS" starttime="20201015 13:04:17.627" endtime="20201015 13:04:19.458"></status>
</kw>
<kw name="Run Keyword If" library="BuiltIn">
<doc>Runs the given keyword with the given arguments, if ``condition`` is true.</doc>
<arguments>
<arg>"${expired}"=="true"</arg>
<arg>click element</arg>
<arg>${expired_checkbox}</arg>
</arguments>
<kw name="Click Element" library="SeleniumLibrary">
<doc>Click the element identified by ``locator``.</doc>
<arguments>
<arg>${expired_checkbox}</arg>
</arguments>
<msg timestamp="20201015 13:04:19.461" level="INFO">Clicking element 'id=exp'.</msg>
<status status="PASS" starttime="20201015 13:04:19.460" endtime="20201015 13:04:21.903"></status>
</kw>
<status status="PASS" starttime="20201015 13:04:19.459" endtime="20201015 13:04:21.903"></status>
</kw>
<kw name="Click Element" library="SeleniumLibrary">
<doc>Click the element identified by ``locator``.</doc>
<arguments>
<arg>${search_button_existing_quote}</arg>
</arguments>
<msg timestamp="20201015 13:04:21.904" level="INFO">Clicking element 'xpath=//div[@data-testid='customer-rate-quote-existing-quotes-list']//button[.='Search']'.</msg>
<status status="PASS" starttime="20201015 13:04:21.904" endtime="20201015 13:04:23.934"></status>
</kw>
<kw name="Wait Until Element Is Visible" library="SeleniumLibrary">
<doc>Waits until the element ``locator`` is visible.</doc>
<arguments>
<arg>${existing_quote_list}</arg>
</arguments>
<status status="PASS" starttime="20201015 13:04:23.935" endtime="20201015 13:04:26.027"></status>
</kw>
<kw name="Log To Console" library="BuiltIn">
<doc>Logs the given message to the console.</doc>
<arguments>
<arg>step 51</arg>
</arguments>
<status status="PASS" starttime="20201015 13:04:26.029" endtime="20201015 13:04:26.030"></status>
</kw>
<doc>As a user I can add rate quotes to Customers</doc>
<tags>
<tag>Regression Test Suite</tag>
</tags>
<status status="PASS" starttime="20201015 12:56:17.005" endtime="20201015 13:04:26.031" critical="yes"></status>
</test>
<status status="PASS" starttime="20201015 12:56:15.680" endtime="20201015 13:04:26.033"></status>
</suite>
<statistics>
<total>
<stat pass="1" fail="0">Critical Tests</stat>
<stat pass="1" fail="0">All Tests</stat>
</total>
<tag>
<stat pass="1" fail="0">Regression Test Suite</stat>
</tag>
<suite>
<stat pass="1" fail="0" id="s1" name="Customer RateQuote">Customer RateQuote</stat>
</suite>
</statistics>
<errors>
<msg timestamp="20201015 12:59:10.939" level="WARN">Error in file 'C:\Users\Rupali.bhore\PycharmProjects\POM\src\MasteryPreview\Keywords\Edit_Customer_Keywords.robot' in FOR loop starting on line 48: For loop header ': FOR' is deprecated. Use 'FOR' instead.</msg>
<msg timestamp="20201015 12:59:10.941" level="WARN">Error in file 'C:\Users\Rupali.bhore\PycharmProjects\POM\src\MasteryPreview\Keywords\Edit_Customer_Keywords.robot' in FOR loop starting on line 48: Marking for loop body with '\' is deprecated. Remove markers and use 'END' instead.</msg>
<msg timestamp="20201015 12:59:12.658" level="WARN">Error in file 'C:\Users\Rupali.bhore\PycharmProjects\POM\src\MasteryPreview\Keywords\Edit_Customer_Keywords.robot' in FOR loop starting on line 48: For loop header ': FOR' is deprecated. Use 'FOR' instead.</msg>
<msg timestamp="20201015 12:59:12.659" level="WARN">Error in file 'C:\Users\Rupali.bhore\PycharmProjects\POM\src\MasteryPreview\Keywords\Edit_Customer_Keywords.robot' in FOR loop starting on line 48: Marking for loop body with '\' is deprecated. Remove markers and use 'END' instead.</msg>
<msg timestamp="20201015 12:59:14.255" level="WARN">Error in file 'C:\Users\Rupali.bhore\PycharmProjects\POM\src\MasteryPreview\Keywords\Edit_Customer_Keywords.robot' in FOR loop starting on line 48: For loop header ': FOR' is deprecated. Use 'FOR' instead.</msg>
<msg timestamp="20201015 12:59:14.257" level="WARN">Error in file 'C:\Users\Rupali.bhore\PycharmProjects\POM\src\MasteryPreview\Keywords\Edit_Customer_Keywords.robot' in FOR loop starting on line 48: Marking for loop body with '\' is deprecated. Remove markers and use 'END' instead.</msg>
<msg timestamp="20201015 12:59:16.104" level="WARN">Error in file 'C:\Users\Rupali.bhore\PycharmProjects\POM\src\MasteryPreview\Keywords\Edit_Customer_Keywords.robot' in FOR loop starting on line 48: For loop header ': FOR' is deprecated. Use 'FOR' instead.</msg>
<msg timestamp="20201015 12:59:16.106" level="WARN">Error in file 'C:\Users\Rupali.bhore\PycharmProjects\POM\src\MasteryPreview\Keywords\Edit_Customer_Keywords.robot' in FOR loop starting on line 48: Marking for loop body with '\' is deprecated. Remove markers and use 'END' instead.</msg>
<msg timestamp="20201015 12:59:17.877" level="WARN">Error in file 'C:\Users\Rupali.bhore\PycharmProjects\POM\src\MasteryPreview\Keywords\Edit_Customer_Keywords.robot' in FOR loop starting on line 48: For loop header ': FOR' is deprecated. Use 'FOR' instead.</msg>
<msg timestamp="20201015 12:59:17.880" level="WARN">Error in file 'C:\Users\Rupali.bhore\PycharmProjects\POM\src\MasteryPreview\Keywords\Edit_Customer_Keywords.robot' in FOR loop starting on line 48: Marking for loop body with '\' is deprecated. Remove markers and use 'END' instead.</msg>
<msg timestamp="20201015 12:59:32.292" level="WARN">Error in file 'C:\Users\Rupali.bhore\PycharmProjects\POM\src\MasteryPreview\Keywords\Edit_Customer_Keywords.robot' in FOR loop starting on line 48: For loop header ': FOR' is deprecated. Use 'FOR' instead.</msg>
<msg timestamp="20201015 12:59:32.295" level="WARN">Error in file 'C:\Users\Rupali.bhore\PycharmProjects\POM\src\MasteryPreview\Keywords\Edit_Customer_Keywords.robot' in FOR loop starting on line 48: Marking for loop body with '\' is deprecated. Remove markers and use 'END' instead.</msg>
<msg timestamp="20201015 12:59:34.853" level="WARN">Error in file 'C:\Users\Rupali.bhore\PycharmProjects\POM\src\MasteryPreview\Keywords\Edit_Customer_Keywords.robot' in FOR loop starting on line 48: For loop header ': FOR' is deprecated. Use 'FOR' instead.</msg>
<msg timestamp="20201015 12:59:34.854" level="WARN">Error in file 'C:\Users\Rupali.bhore\PycharmProjects\POM\src\MasteryPreview\Keywords\Edit_Customer_Keywords.robot' in FOR loop starting on line 48: Marking for loop body with '\' is deprecated. Remove markers and use 'END' instead.</msg>
<msg timestamp="20201015 12:59:37.325" level="WARN">Error in file 'C:\Users\Rupali.bhore\PycharmProjects\POM\src\MasteryPreview\Keywords\Edit_Customer_Keywords.robot' in FOR loop starting on line 48: For loop header ': FOR' is deprecated. Use 'FOR' instead.</msg>
<msg timestamp="20201015 12:59:37.326" level="WARN">Error in file 'C:\Users\Rupali.bhore\PycharmProjects\POM\src\MasteryPreview\Keywords\Edit_Customer_Keywords.robot' in FOR loop starting on line 48: Marking for loop body with '\' is deprecated. Remove markers and use 'END' instead.</msg>
<msg timestamp="20201015 12:59:39.716" level="WARN">Error in file 'C:\Users\Rupali.bhore\PycharmProjects\POM\src\MasteryPreview\Keywords\Edit_Customer_Keywords.robot' in FOR loop starting on line 48: For loop header ': FOR' is deprecated. Use 'FOR' instead.</msg>
<msg timestamp="20201015 12:59:39.718" level="WARN">Error in file 'C:\Users\Rupali.bhore\PycharmProjects\POM\src\MasteryPreview\Keywords\Edit_Customer_Keywords.robot' in FOR loop starting on line 48: Marking for loop body with '\' is deprecated. Remove markers and use 'END' instead.</msg>
<msg timestamp="20201015 12:59:45.056" level="WARN">Error in file 'C:\Users\Rupali.bhore\PycharmProjects\POM\src\MasteryPreview\Keywords\Edit_Customer_Keywords.robot' in FOR loop starting on line 48: For loop header ': FOR' is deprecated. Use 'FOR' instead.</msg>
<msg timestamp="20201015 12:59:45.058" level="WARN">Error in file 'C:\Users\Rupali.bhore\PycharmProjects\POM\src\MasteryPreview\Keywords\Edit_Customer_Keywords.robot' in FOR loop starting on line 48: Marking for loop body with '\' is deprecated. Remove markers and use 'END' instead.</msg>
<msg timestamp="20201015 13:00:01.032" level="WARN">Error in file 'C:\Users\Rupali.bhore\PycharmProjects\POM\src\MasteryPreview\Keywords\Edit_Customer_Keywords.robot' in FOR loop starting on line 48: For loop header ': FOR' is deprecated. Use 'FOR' instead.</msg>
<msg timestamp="20201015 13:00:01.035" level="WARN">Error in file 'C:\Users\Rupali.bhore\PycharmProjects\POM\src\MasteryPreview\Keywords\Edit_Customer_Keywords.robot' in FOR loop starting on line 48: Marking for loop body with '\' is deprecated. Remove markers and use 'END' instead.</msg>
<msg timestamp="20201015 13:00:04.637" level="WARN">Error in file 'C:\Users\Rupali.bhore\PycharmProjects\POM\src\MasteryPreview\Keywords\Edit_Customer_Keywords.robot' in FOR loop starting on line 48: For loop header ': FOR' is deprecated. Use 'FOR' instead.</msg>
<msg timestamp="20201015 13:00:04.638" level="WARN">Error in file 'C:\Users\Rupali.bhore\PycharmProjects\POM\src\MasteryPreview\Keywords\Edit_Customer_Keywords.robot' in FOR loop starting on line 48: Marking for loop body with '\' is deprecated. Remove markers and use 'END' instead.</msg>
<msg timestamp="20201015 13:00:07.739" level="WARN">Error in file 'C:\Users\Rupali.bhore\PycharmProjects\POM\src\MasteryPreview\Keywords\Edit_Customer_Keywords.robot' in FOR loop starting on line 48: For loop header ': FOR' is deprecated. Use 'FOR' instead.</msg>
<msg timestamp="20201015 13:00:07.740" level="WARN">Error in file 'C:\Users\Rupali.bhore\PycharmProjects\POM\src\MasteryPreview\Keywords\Edit_Customer_Keywords.robot' in FOR loop starting on line 48: Marking for loop body with '\' is deprecated. Remove markers and use 'END' instead.</msg>
<msg timestamp="20201015 13:00:10.284" level="WARN">Error in file 'C:\Users\Rupali.bhore\PycharmProjects\POM\src\MasteryPreview\Keywords\Edit_Customer_Keywords.robot' in FOR loop starting on line 48: For loop header ': FOR' is deprecated. Use 'FOR' instead.</msg>
<msg timestamp="20201015 13:00:10.285" level="WARN">Error in file 'C:\Users\Rupali.bhore\PycharmProjects\POM\src\MasteryPreview\Keywords\Edit_Customer_Keywords.robot' in FOR loop starting on line 48: Marking for loop body with '\' is deprecated. Remove markers and use 'END' instead.</msg>
<msg timestamp="20201015 13:00:12.554" level="WARN">Error in file 'C:\Users\Rupali.bhore\PycharmProjects\POM\src\MasteryPreview\Keywords\Edit_Customer_Keywords.robot' in FOR loop starting on line 48: For loop header ': FOR' is deprecated. Use 'FOR' instead.</msg>
<msg timestamp="20201015 13:00:12.557" level="WARN">Error in file 'C:\Users\Rupali.bhore\PycharmProjects\POM\src\MasteryPreview\Keywords\Edit_Customer_Keywords.robot' in FOR loop starting on line 48: Marking for loop body with '\' is deprecated. Remove markers and use 'END' instead.</msg>
<msg timestamp="20201015 13:00:15.016" level="WARN">Error in file 'C:\Users\Rupali.bhore\PycharmProjects\POM\src\MasteryPreview\Keywords\Edit_Customer_Keywords.robot' in FOR loop starting on line 48: For loop header ': FOR' is deprecated. Use 'FOR' instead.</msg>
<msg timestamp="20201015 13:00:15.017" level="WARN">Error in file 'C:\Users\Rupali.bhore\PycharmProjects\POM\src\MasteryPreview\Keywords\Edit_Customer_Keywords.robot' in FOR loop starting on line 48: Marking for loop body with '\' is deprecated. Remove markers and use 'END' instead.</msg>
<msg timestamp="20201015 13:00:18.497" level="WARN">Error in file 'C:\Users\Rupali.bhore\PycharmProjects\POM\src\MasteryPreview\Keywords\Edit_Customer_Keywords.robot' in FOR loop starting on line 48: For loop header ': FOR' is deprecated. Use 'FOR' instead.</msg>
<msg timestamp="20201015 13:00:18.510" level="WARN">Error in file 'C:\Users\Rupali.bhore\PycharmProjects\POM\src\MasteryPreview\Keywords\Edit_Customer_Keywords.robot' in FOR loop starting on line 48: Marking for loop body with '\' is deprecated. Remove markers and use 'END' instead.</msg>
<msg timestamp="20201015 13:00:32.987" level="WARN">Error in file 'C:\Users\Rupali.bhore\PycharmProjects\POM\src\MasteryPreview\Keywords\Edit_Customer_Keywords.robot' in FOR loop starting on line 48: For loop header ': FOR' is deprecated. Use 'FOR' instead.</msg>
<msg timestamp="20201015 13:00:32.989" level="WARN">Error in file 'C:\Users\Rupali.bhore\PycharmProjects\POM\src\MasteryPreview\Keywords\Edit_Customer_Keywords.robot' in FOR loop starting on line 48: Marking for loop body with '\' is deprecated. Remove markers and use 'END' instead.</msg>
<msg timestamp="20201015 13:00:34.821" level="WARN">Error in file 'C:\Users\Rupali.bhore\PycharmProjects\POM\src\MasteryPreview\Keywords\Edit_Customer_Keywords.robot' in FOR loop starting on line 48: For loop header ': FOR' is deprecated. Use 'FOR' instead.</msg>
<msg timestamp="20201015 13:00:34.822" level="WARN">Error in file 'C:\Users\Rupali.bhore\PycharmProjects\POM\src\MasteryPreview\Keywords\Edit_Customer_Keywords.robot' in FOR loop starting on line 48: Marking for loop body with '\' is deprecated. Remove markers and use 'END' instead.</msg>
<msg timestamp="20201015 13:00:36.550" level="WARN">Error in file 'C:\Users\Rupali.bhore\PycharmProjects\POM\src\MasteryPreview\Keywords\Edit_Customer_Keywords.robot' in FOR loop starting on line 48: For loop header ': FOR' is deprecated. Use 'FOR' instead.</msg>
<msg timestamp="20201015 13:00:36.551" level="WARN">Error in file 'C:\Users\Rupali.bhore\PycharmProjects\POM\src\MasteryPreview\Keywords\Edit_Customer_Keywords.robot' in FOR loop starting on line 48: Marking for loop body with '\' is deprecated. Remove markers and use 'END' instead.</msg>
<msg timestamp="20201015 13:00:38.498" level="WARN">Error in file 'C:\Users\Rupali.bhore\PycharmProjects\POM\src\MasteryPreview\Keywords\Edit_Customer_Keywords.robot' in FOR loop starting on line 48: For loop header ': FOR' is deprecated. Use 'FOR' instead.</msg>
<msg timestamp="20201015 13:00:38.499" level="WARN">Error in file 'C:\Users\Rupali.bhore\PycharmProjects\POM\src\MasteryPreview\Keywords\Edit_Customer_Keywords.robot' in FOR loop starting on line 48: Marking for loop body with '\' is deprecated. Remove markers and use 'END' instead.</msg>
<msg timestamp="20201015 13:00:49.694" level="WARN">Error in file 'C:\Users\Rupali.bhore\PycharmProjects\POM\src\MasteryPreview\Keywords\Edit_Customer_Keywords.robot' in FOR loop starting on line 48: For loop header ': FOR' is deprecated. Use 'FOR' instead.</msg>
<msg timestamp="20201015 13:00:49.695" level="WARN">Error in file 'C:\Users\Rupali.bhore\PycharmProjects\POM\src\MasteryPreview\Keywords\Edit_Customer_Keywords.robot' in FOR loop starting on line 48: Marking for loop body with '\' is deprecated. Remove markers and use 'END' instead.</msg>
<msg timestamp="20201015 13:00:51.788" level="WARN">Error in file 'C:\Users\Rupali.bhore\PycharmProjects\POM\src\MasteryPreview\Keywords\Edit_Customer_Keywords.robot' in FOR loop starting on line 48: For loop header ': FOR' is deprecated. Use 'FOR' instead.</msg>
<msg timestamp="20201015 13:00:51.790" level="WARN">Error in file 'C:\Users\Rupali.bhore\PycharmProjects\POM\src\MasteryPreview\Keywords\Edit_Customer_Keywords.robot' in FOR loop starting on line 48: Marking for loop body with '\' is deprecated. Remove markers and use 'END' instead.</msg>
<msg timestamp="20201015 13:00:53.457" level="WARN">Error in file 'C:\Users\Rupali.bhore\PycharmProjects\POM\src\MasteryPreview\Keywords\Edit_Customer_Keywords.robot' in FOR loop starting on line 48: For loop header ': FOR' is deprecated. Use 'FOR' instead.</msg>
<msg timestamp="20201015 13:00:53.458" level="WARN">Error in file 'C:\Users\Rupali.bhore\PycharmProjects\POM\src\MasteryPreview\Keywords\Edit_Customer_Keywords.robot' in FOR loop starting on line 48: Marking for loop body with '\' is deprecated. Remove markers and use 'END' instead.</msg>
<msg timestamp="20201015 13:01:06.418" level="WARN">Error in file 'C:\Users\Rupali.bhore\PycharmProjects\POM\src\MasteryPreview\Keywords\Edit_Customer_Keywords.robot' in FOR loop starting on line 48: For loop header ': FOR' is deprecated. Use 'FOR' instead.</msg>
<msg timestamp="20201015 13:01:06.419" level="WARN">Error in file 'C:\Users\Rupali.bhore\PycharmProjects\POM\src\MasteryPreview\Keywords\Edit_Customer_Keywords.robot' in FOR loop starting on line 48: Marking for loop body with '\' is deprecated. Remove markers and use 'END' instead.</msg>
<msg timestamp="20201015 13:01:08.241" level="WARN">Error in file 'C:\Users\Rupali.bhore\PycharmProjects\POM\src\MasteryPreview\Keywords\Edit_Customer_Keywords.robot' in FOR loop starting on line 48: For loop header ': FOR' is deprecated. Use 'FOR' instead.</msg>
<msg timestamp="20201015 13:01:08.242" level="WARN">Error in file 'C:\Users\Rupali.bhore\PycharmProjects\POM\src\MasteryPreview\Keywords\Edit_Customer_Keywords.robot' in FOR loop starting on line 48: Marking for loop body with '\' is deprecated. Remove markers and use 'END' instead.</msg>
<msg timestamp="20201015 13:01:09.799" level="WARN">Error in file 'C:\Users\Rupali.bhore\PycharmProjects\POM\src\MasteryPreview\Keywords\Edit_Customer_Keywords.robot' in FOR loop starting on line 48: For loop header ': FOR' is deprecated. Use 'FOR' instead.</msg>
<msg timestamp="20201015 13:01:09.800" level="WARN">Error in file 'C:\Users\Rupali.bhore\PycharmProjects\POM\src\MasteryPreview\Keywords\Edit_Customer_Keywords.robot' in FOR loop starting on line 48: Marking for loop body with '\' is deprecated. Remove markers and use 'END' instead.</msg>
<msg timestamp="20201015 13:01:11.494" level="WARN">Error in file 'C:\Users\Rupali.bhore\PycharmProjects\POM\src\MasteryPreview\Keywords\Edit_Customer_Keywords.robot' in FOR loop starting on line 48: For loop header ': FOR' is deprecated. Use 'FOR' instead.</msg>
<msg timestamp="20201015 13:01:11.496" level="WARN">Error in file 'C:\Users\Rupali.bhore\PycharmProjects\POM\src\MasteryPreview\Keywords\Edit_Customer_Keywords.robot' in FOR loop starting on line 48: Marking for loop body with '\' is deprecated. Remove markers and use 'END' instead.</msg>
<msg timestamp="20201015 13:01:14.086" level="WARN">Error in file 'C:\Users\Rupali.bhore\PycharmProjects\POM\src\MasteryPreview\Keywords\Edit_Customer_Keywords.robot' in FOR loop starting on line 48: For loop header ': FOR' is deprecated. Use 'FOR' instead.</msg>
<msg timestamp="20201015 13:01:14.087" level="WARN">Error in file 'C:\Users\Rupali.bhore\PycharmProjects\POM\src\MasteryPreview\Keywords\Edit_Customer_Keywords.robot' in FOR loop starting on line 48: Marking for loop body with '\' is deprecated. Remove markers and use 'END' instead.</msg>
<msg timestamp="20201015 13:01:18.057" level="WARN">Error in file 'C:\Users\Rupali.bhore\PycharmProjects\POM\src\MasteryPreview\Keywords\Edit_Customer_Keywords.robot' in FOR loop starting on line 48: For loop header ': FOR' is deprecated. Use 'FOR' instead.</msg>
<msg timestamp="20201015 13:01:18.058" level="WARN">Error in file 'C:\Users\Rupali.bhore\PycharmProjects\POM\src\MasteryPreview\Keywords\Edit_Customer_Keywords.robot' in FOR loop starting on line 48: Marking for loop body with '\' is deprecated. Remove markers and use 'END' instead.</msg>
<msg timestamp="20201015 13:01:19.716" level="WARN">Error in file 'C:\Users\Rupali.bhore\PycharmProjects\POM\src\MasteryPreview\Keywords\Edit_Customer_Keywords.robot' in FOR loop starting on line 48: For loop header ': FOR' is deprecated. Use 'FOR' instead.</msg>
<msg timestamp="20201015 13:01:19.717" level="WARN">Error in file 'C:\Users\Rupali.bhore\PycharmProjects\POM\src\MasteryPreview\Keywords\Edit_Customer_Keywords.robot' in FOR loop starting on line 48: Marking for loop body with '\' is deprecated. Remove markers and use 'END' instead.</msg>
</errors>
</robot>
